-0.0026768827855628906
-0.0026768827855629057
-0.0026768827855629413
-0.0026768827855628862
-0.002676882785562953
-0.0026768827855629053
-0.0026768827855628255
-0.0026768827855629105
-0.0026768827855629274
-0.002676882785562899
-0.0026768827855629448
-0.0026768827855629188
-0.002676882785562906
-0.0026768827855628958
-0.0026768827855629335
-0.002676882785562903
-0.0026768827855629235
-0.0026768827855629326
-0.00267688278556295
-0.002676882785562893
-0.0026768827855629387
-0.002676882785562937
-0.0026768827855628507
-0.002676882785562933
-0.002676882785562899
-0.0026768827855629083
-0.002676882785562905
-0.0026768827855629318
-0.002676882785562909
-0.0026768827855629318
-0.0026768827855628893
-0.002676882785562916
-0.002676882785562883
-0.002676882785562909
-0.00267688278556292
-0.002676882785562907
-0.00267688278556293
-0.002676882785562931
-0.002676882785562919
-0.0026768827855629122
-0.002676882785562925
-0.002676882785562893
-0.002676882785562932
-0.002676882785562904
-0.002676882785562905
-0.0026768827855629383
-0.002676882785562922
-0.0026768827855629005
-0.0026768827855628953
-0.0026768827855629383
-0.0026768827855629183
-0.0026768827855629227
-0.0026768827855629227
-0.0026768827855629313
-0.0026768827855627514
-0.002676882785562879
-0.002676882785562927
-0.002676882785562927
-0.0026768827855629374
-0.0026768827855629044
-0.0026768827855629435
-0.002676882785562944
-0.0026768827855629214
-0.002676882785562947
-0.002676882785562939
-0.0026768827855629296
-0.0026768827855628706
-0.00267688278556289
-0.0026768827855629313
-0.002676882785562927
-0.002676882785562853
-0.0026768827855629318
-0.002676882785562938
-0.0026768827855629404
-0.0026768827855629474
-0.0026768827855629513
-0.002676882785562917
-0.002676882785562924
-0.0026768827855629235
-0.0026768827855629096
-0.0026768827855629096
-0.002676882785562953
-0.0026768827855629196
-0.002676882785562922
-0.002676882785562932
-0.0026768827855629196
-0.00267688278556289
-0.0026768827855628945
-0.0026768827855629157
-0.002676882785562895
-0.0026768827855629023
-0.0026768827855629027
-0.0026768827855629175
-0.0026768827855629335
-0.002676882785562904
-0.0026768827855628984
-0.00267688278556297
-0.0026768827855629296
-0.002676882785562945
-0.0026768827855629287
-0.002676882785562947
-0.002676882785562947
-0.0026768827855628984
-0.0026768827855629196
-0.0026768827855628997
-0.002676882785562944
-0.00267688278556294
-0.002676882785562944
-0.002676882785562949
-0.002676882785562939
-0.002676882785562902
-0.0026768827855629626
-0.0026768827855629534
-0.002676882785562906
-0.0026768827855628654
-0.002676882785562915
-0.0026768827855629166
-0.0026768827855629313
-0.0026768827855628663
-0.002676882785562906
-0.002676882785562914
-0.0026768827855629127
-0.0026768827855629122
-0.002676882785562931
-0.002676882785562935
-0.002676882785562901
-0.002676882785562907
-0.0026768827855628936
-0.0026768827855629166
-0.002676882785562906
-0.002676882785562885
-0.0026768827855629135
-0.0026768827855629196
-0.002676882785562907
-0.002676882785562867
-0.002676882785562928
-0.0026768827855628897
-0.00267688278556291
-0.0026768827855629214
-0.0026768827855628958
-0.002676882785562892
-0.002676882785562881
-0.002676882785562943
-0.0026768827855629153
-0.0026768827855628966
-0.002676882785562929
-0.002676882785562946
-0.002676882785562925
-0.0026768827855629283
-0.0026768827855629287
-0.002676882785562821
-0.0026768827855629127
-0.002676882785562907
-0.002676882785562917
-0.002676882785562874
-0.002676882785562905
-0.0026768827855629135
-0.002676882785562901
-0.002676882785562924
-0.002676882785562955
-0.002676882785562889
-0.0026768827855629214
-0.002676882785562895
-0.002676882785562901
-0.0026768827855629396
-0.0026768827855629122
-0.002676882785562947
-0.0026768827855628975
-0.0026768827855629005
-0.002676882785562906
-0.002676882785562895
-0.0026768827855629122
-0.0026768827855629235
-0.002676882785562908
-0.002676882785562902
-0.0026768827855629005
-0.0026768827855628945
-0.002676882785562878
-0.002676882785562879
-0.0026768827855629144
-0.0026768827855629088
-0.0026768827855629066
-0.0026768827855628485
-0.002676882785562894
-0.002676882785562922
-0.002676882785562922
-0.0026768827855629036
-0.002676882785562909
-0.00267688278556289
-0.002676882785562884
-0.002676882785562936
-0.0026768827855629023
-0.0026768827855629313
-0.002676882785562914
-0.00267688278556291
-0.002676882785562921
-0.00267688278556291
-0.002676882785562886
-0.002676882785562895
-0.0026768827855629044
-0.0026768827855629396
-0.002676882785562958
-0.002676882785562881
-0.0026768827855628966
-0.00267688278556292
-0.002676882785562903
-0.0026768827855629135
-0.0026768827855629183
-0.0026768827855629005
-0.002676882785562907
-0.002676882785562941
-0.002676882785562912
-0.002676882785562907
-0.0026768827855628992
-0.002676882785562939
-0.002676882785562925
-0.0026768827855629014
-0.0026768827855629227
-0.002676882785562912
-0.0026768827855629313
-0.002676882785562936
-0.0026768827855629313
-0.0026768827855629188
-0.0026768827855629188
-0.0026768827855628997
-0.002676882785562891
-0.0026768827855628836
-0.002676882785562902
-0.0026768827855629318
-0.0026768827855629027
-0.002676882785562843
-0.0026768827855628966
-0.002676882785562883
-0.0026768827855628697
-0.002676882785562887
-0.0026768827855629188
-0.0026768827855629196
-0.0026768827855629365
-0.002676882785562902
-0.0026768827855628992
-0.0026768827855628598
-0.0026768827855628745
-0.002676882785562908
-0.0026768827855628884
-0.0026768827855629196
-0.0026768827855628966
-0.0026768827855630038
-0.00267688278556292
-0.0026768827855628737
-0.002676882785562883
-0.002676882785562939
-0.00267688278556289
-0.0026768827855629283
-0.002676882785562874
-0.0026768827855629413
-0.002676882785562883
-0.002676882785562905
-0.0026768827855628606
-0.0026768827855628737
-0.0026768827855628984
-0.0026768827855629287
-0.002676882785562905
-0.0026768827855629643
-0.002676882785562927
-0.002676882785562905
-0.002676882785562904
-0.002676882785562936
-0.002676882785562922
-0.0026768827855629404
-0.002676882785562923
-0.0026768827855628914
-0.0026768827855628914
-0.002676882785562884
-0.0026768827855629027
-0.0026768827855628615
-0.0026768827855628823
-0.0026768827855628936
-0.0026768827855629383
-0.002676882785562919
-0.0026768827855629326
-0.0026768827855629235
-0.0026768827855628828
-0.0026768827855628997
-0.0026768827855629235
-0.002676882785562902
-0.0026768827855629196
-0.002676882785562877
-0.002676882785562887
-0.0026768827855629274
-0.0026768827855629287
-0.00267688278556292
-0.0026768827855629114
-0.0026768827855628958
-0.0026768827855628936
-0.0026768827855629122
-0.0026768827855629222
-0.0026768827855629144
-0.0026768827855629357
-0.0026768827855629183
-0.002676882785562911
-0.0026768827855629313
-0.0026768827855629287
-0.0026768827855629188
-0.0026768827855629127
-0.0026768827855629122
-0.0026768827855629014
-0.0026768827855628693
-0.002676882785562951
-0.0026768827855629253
-0.002676882785562925
-0.0026768827855627652
-0.002676882785562888
-0.002676882785562898
-0.0026768827855629144
-0.002676882785562948
-0.0026768827855628927
-0.0026768827855629114
-0.0026768827855628945
-0.0026768827855629574
-0.002676882785562918
-0.0026768827855629335
-0.002676882785562952
-0.002676882785562935
-0.0026768827855629318
-0.002676882785562931
-0.002676882785562902
-0.002676882785562943
-0.002676882785562901
-0.0026768827855628997
-0.002676882785562899
-0.002676882785562883
-0.0026768827855629196
-0.0026768827855629114
-0.002676882785562915
-0.0026768827855629704
-0.0026768827855628927
-0.002676882785562928
-0.0026768827855629426
-0.002676882785562897
-0.002676882785562926
-0.002676882785562936
-0.002676882785562919
-0.002676882785562978
-0.0026768827855628966
-0.002676882785562914
-0.0026768827855629257
-0.002676882785562963
-0.0026768827855629127
-0.002676882785562904
-0.002676882785562924
-0.0026768827855629604
-0.002676882785562916
-0.002676882785562927
-0.002676882785562954
-0.0026768827855629036
-0.0026768827855629504
-0.0026768827855629482
-0.002676882785562903
-0.0026768827855628845
-0.0026768827855629157
-0.002676882785562916
-0.002676882785562938
-0.002676882785562919
-0.0026768827855629335
-0.0026768827855629188
-0.0026768827855629222
-0.002676882785562968
-0.0026768827855629283
-0.002676882785562913
-0.0026768827855629183
-0.00267688278556291
-0.002676882785562892
-0.00267688278556293
-0.0026768827855629222
-0.002676882785562984
-0.002676882785562911
-0.0026768827855629096
-0.002676882785562939
-0.002676882785562919
-0.002676882785562925
-0.002676882785562909
-0.0026768827855629166
-0.002676882785562973
-0.00267688278556293
-0.002676882785562922
-0.00267688278556291
-0.0026768827855629855
-0.002676882785562928
-0.0026768827855629374
-0.0026768827855629383
-0.002676882785562985
-0.0026768827855629344
-0.002676882785562934
-0.002676882785562927
-0.0026768827855629595
-0.002676882785562934
-0.002676882785562946
-0.002676882785562956
-0.0026768827855629747
-0.002676882785562945
-0.0026768827855629214
-0.002676882785562907
-0.002676882785562925
-0.002676882785562898
-0.0026768827855629205
-0.002676882785562915
-0.002676882785562949
-0.0026768827855629283
-0.002676882785562929
-0.0026768827855629175
-0.00267688278556294
-0.0026768827855629135
-0.0026768827855629157
-0.002676882785562932
-0.002676882785562936
-0.0026768827855629383
-0.0026768827855629135
-0.002676882785562922
-0.0026768827855629383
-0.0026768827855629083
-0.002676882785562927
-0.002676882785562902
-0.002676882785562947
-0.002676882785562909
-0.002676882785562903
-0.0026768827855628776
-0.0026768827855629417
-0.0026768827855629153
-0.002676882785562887
-0.002676882785562887
-0.002676882785562953
-0.002676882785562867
-0.0026768827855628923
-0.002676882785562884
-0.0026768827855628776
-0.0026768827855628914
-0.002676882785562943
-0.0026768827855629214
-0.002676882785562862
-0.002676882785562901
-0.0026768827855628997
-0.002676882785562906
-0.002676882785562895
-0.0026768827855628737
-0.002676882785562917
-0.0026768827855628945
-0.0026768827855629387
-0.0026768827855629135
-0.0026768827855629205
-0.002676882785562912
-0.002676882785562917
-0.0026768827855628923
-0.0026768827855628923
-0.0026768827855629044
-0.0026768827855629227
-0.0026768827855629144
-0.002676882785562909
-0.00267688278556294
-0.002676882785562936
-0.0026768827855629227
-0.0026768827855629088
-0.002676882785562921
-0.002676882785562887
-0.0026768827855628875
-0.002676882785562948
-0.002676882785562919
-0.002676882785562906
-0.0026768827855629456
-0.0026768827855629283
-0.0026768827855628966
-0.002676882785562811
-0.002676882785562886
-0.0026768827855629175
-0.0026768827855629088
-0.0026768827855628737
-0.002676882785562901
-0.0026768827855629274
-0.002676882785562948
-0.002676882785562872
-0.0026768827855629266
-0.0026768827855629157
-0.002676882785562878
-0.002676882785562889
-0.0026768827855628906
-0.002676882785562891
-0.002676882785562886
-0.0026768827855628776
-0.0026768827855628806
-0.002676882785562936
-0.0026768827855629
-0.0026768827855628958
-0.0026768827855629283
-0.002676882785562903
-0.002676882785562883
-0.0026768827855629335
-0.002676882785562866
-0.0026768827855629075
-0.0026768827855628598
-0.0026768827855628854
-0.002676882785562916
-0.0026768827855628914
-0.0026768827855629157
-0.002676882785563189
-0.0026768827855629122
-0.0026768827855629513
-0.0026768827855628893
-0.002676882785562861
-0.0026768827855629227
-0.0026768827855629513
-0.002676882785562906
-0.002676882785562943
-0.002676882785562902
-0.0026768827855628923
-0.002676882785562906
-0.0026768827855629335
-0.002676882785562954
-0.0026768827855629023
-0.002676882785562904
-0.0026768827855629712
-0.002676882785562884
-0.002676882785562896
-0.002676882785562904
-0.0026768827855629175
-0.0026768827855628927
-0.00267688278556292
-0.0026768827855629075
-0.0026768827855629925
-0.002676882785562904
-0.0026768827855629083
-0.002676882785562948
-0.0026768827855629005
-0.002676882785562895
-0.0026768827855628828
-0.002676882785562944
-0.002676882785562988
-0.0026768827855629426
-0.002676882785562934
-0.0026768827855629352
-0.0026768827855629196
-0.00267688278556293
-0.002676882785562923
-0.002676882785562901
-0.002676882785562953
-0.0026768827855629135
-0.002676882785562899
-0.002676882785562919
-0.0026768827855628966
-0.0026768827855629426
-0.0026768827855628854
-0.0026768827855629344
-0.002676882785562905
-0.002676882785562909
-0.0026768827855629387
-0.0026768827855629188
-0.0026768827855628828
-0.0026768827855629257
-0.0026768827855629274
-0.0026768827855628737
-0.002676882785562956
-0.0026768827855628936
-0.0026768827855629205
-0.002676882785562887
-0.0026768827855629053
-0.002676882785562893
-0.0026768827855628906
-0.002676882785562899
-0.002676882785562918
-0.0026768827855629266
-0.002676882785562922
-0.0026768827855629305
-0.002676882785562919
-0.002676882785562906
-0.0026768827855628997
-0.002676882785562955
-0.0026768827855629313
-0.0026768827855628854
-0.002676882785562952
-0.0026768827855628966
-0.0026768827855629305
-0.0026768827855629335
-0.002676882785562958
-0.0026768827855629305
-0.0026768827855630332
-0.002676882785562901
-0.0026768827855629153
-0.0026768827855629456
-0.00267688278556295
-0.0026768827855629122
-0.0026768827855629175
-0.0026768827855629144
-0.0026768827855629135
-0.002676882785562892
-0.0026768827855629374
-0.0026768827855629487
-0.0026768827855629135
-0.002676882785562946
-0.0026768827855629122
-0.0026768827855629313
-0.00267688278556289
-0.0026768827855629227
-0.0026768827855629027
-0.002676882785562927
-0.0026768827855628667
-0.0026768827855629088
-0.0026768827855629253
-0.0026768827855629005
-0.0026768827855629582
-0.0026768827855629157
-0.0026768827855629205
-0.0026768827855629196
-0.002676882785562927
-0.002676882785562906
-0.002676882785562933
-0.002676882785562854
-0.0026768827855629886
-0.002676882785562873
-0.0026768827855628906
-0.0026768827855629083
-0.002676882785562927
-0.002676882785562943
-0.002676882785562897
-0.002676882785562925
-0.0026768827855628776
-0.0026768827855629704
-0.002676882785562921
-0.002676882785562886
-0.0026768827855629305
-0.002676882785562869
-0.002676882785562907
-0.0026768827855628737
-0.0026768827855629053
-0.002676882785562907
-0.002676882785562922
-0.002676882785562955
-0.0026768827855628784
-0.0026768827855629222
-0.0026768827855629565
-0.002676882785562904
-0.0026768827855629756
-0.0026768827855629257
-0.0026768827855628854
-0.0026768827855628676
-0.00267688278556287
-0.0026768827855629166
-0.002676882785562897
-0.0026768827855628797
-0.0026768827855629574
-0.002676882785562888
-0.002676882785562894
-0.0026768827855629183
-0.002676882785562905
-0.0026768827855628823
-0.002676882785562944
-0.002676882785562926
-0.0026768827855628793
-0.002676882785562907
-0.00267688278556289
-0.0026768827855628845
-0.0026768827855629066
-0.002676882785562928
-0.0026768827855629227
-0.00267688278556286
-0.0026768827855629587
-0.002676882785562944
-0.002676882785562955
-0.0026768827855629175
-0.0026768827855629374
-0.002676882785562869
-0.0026768827855628945
-0.002676882785562874
-0.0026768827855629435
-0.0026768827855628732
-0.0026768827855629227
-0.0026768827855629647
-0.002676882785562941
-0.002676882785562944
-0.0026768827855629205
-0.002676882785562934
-0.002676882785562947
-0.002676882785562889
-0.002676882785562899
-0.0026768827855629205
-0.0026768827855629183
-0.0026768827855628953
-0.0026768827855628984
-0.0026768827855629365
-0.0026768827855628724
-0.0026768827855629153
-0.0026768827855629357
-0.00267688278556284
-0.0026768827855629183
-0.002676882785562896
-0.0026768827855629387
-0.0026768827855629023
-0.002676882785563015
-0.002676882785562947
-0.0026768827855629717
-0.002676882785562915
-0.0026768827855629335
-0.0026768827855628984
-0.0026768827855629188
-0.002676882785562911
-0.0026768827855629604
-0.0026768827855629023
-0.002676882785562945
-0.002676882785562953
-0.0026768827855629387
-0.0026768827855629027
-0.0026768827855628914
-0.0026768827855629005
-0.0026768827855629643
-0.0026768827855628715
-0.0026768827855629474
-0.0026768827855629877
-0.002676882785562911
-0.002676882785562946
-0.002676882785562944
-0.0026768827855629326
-0.0026768827855629088
-0.002676882785563007
-0.002676882785562907
-0.002676882785562951
-0.002676882785562935
-0.0026768827855629855
-0.0026768827855629764
-0.002676882785562922
-0.002676882785562939
-0.0026768827855629647
-0.0026768827855629413
-0.002676882785562905
-0.0026768827855629417
-0.002676882785562934
-0.002676882785562921
-0.0026768827855630124
-0.0026768827855629973
-0.002676882785562943
-0.0026768827855628927
-0.002676882785562927
-0.0026768827855629313
-0.002676882785562907
-0.00267688278556286
-0.002676882785562924
-0.0026768827855628914
-0.002676882785562901
-0.0026768827855628828
-0.0026768827855628476
-0.0026768827855629296
-0.002676882785562937
-0.0026768827855629717
-0.002676882785562921
-0.002676882785562863
-0.002676882785562902
-0.0026768827855629803
-0.0026768827855629938
-0.0026768827855628684
-0.0026768827855628767
-0.002676882785562983
-0.0026768827855629634
0.9963280019245533
-0.0026768827855631005
-0.002676882785562829
-0.0026768827855628468
-0.0026768827855628255
-0.002676882785562882
-0.0026768827855629044
-0.0026768827855629365
-0.0026768827855629365
-0.002676882785562963
-0.002676882785562928
-0.0026768827855629083
-0.0026768827855629127
-0.002676882785562919
-0.0026768827855629352
-0.002676882785562894
-0.0026768827855629083
-0.002676882785562932
-0.002676882785562922
-0.002676882785562897
-0.0026768827855629214
-0.002676882785562917
-0.0026768827855629166
-0.0026768827855628992
-0.0026768827855629404
-0.00267688278556289
-0.0026768827855629214
-0.0026768827855629383
-0.00267688278556297
-0.0026768827855629227
-0.002676882785562908
-0.002676882785562929
-0.0026768827855629387
-0.002676882785562946
-0.0026768827855628958
-0.00267688278556295
-0.0026768827855629122
-0.002676882785562921
-0.0026768827855629443
-0.0026768827855629517
-0.002676882785562941
-0.002676882785562909
-0.0026768827855629344
-0.002676882785562949
-0.0026768827855629157
-0.0026768827855629244
-0.002676882785562948
-0.002676882785562935
-0.0026768827855628637
-0.002676882785562927
-0.002676882785562893
-0.0026768827855629253
-0.002676882785562874
-0.002676882785562938
-0.0026768827855629404
-0.002676882785562922
-0.0026768827855628945
-0.0026768827855629157
-0.002676882785562912
-0.0026768827855629166
-0.0026768827855629175
-0.0026768827855629257
-0.002676882785562943
-0.0026768827855629274
-0.0026768827855629873
-0.0026768827855628945
-0.002676882785562923
-0.002676882785562917
-0.002676882785562907
-0.0026768827855629266
-0.0026768827855629305
-0.0026768827855629023
-0.002676882785562938
-0.0026768827855629313
-0.0026768827855629426
-0.0026768827855629886
-0.002676882785562941
-0.0026768827855629543
-0.0026768827855629656
-0.0026768827855629764
-0.0026768827855630194
-0.002676882785562923
-0.0026768827855629344
-0.0026768827855629266
-0.002676882785562943
-0.00267688278556294
-0.0026768827855629374
-0.00267688278556293
-0.0026768827855629313
-0.002676882785562944
-0.0026768827855629344
-0.0026768827855629656
-0.0026768827855629205
-0.0026768827855629057
-0.0026768827855629465
-0.0026768827855629448
-0.002676882785562821
-0.002676882785562923
-0.0026768827855629565
-0.002676882785562938
-0.0026768827855629153
-0.002676882785562892
-0.0026768827855629352
-0.002676882785562946
-0.002676882785562916
-0.0026768827855629157
-0.002676882785562972
-0.0026768827855629808
-0.0026768827855629352
-0.002676882785562952
-0.0026768827855629526
-0.002676882785562914
-0.0026768827855628706
-0.0026768827855629357
-0.0026768827855629595
-0.0026768827855629318
-0.0026768827855629357
-0.0026768827855629274
-0.002676882785562976
-0.002676882785562944
-0.0026768827855629044
-0.002676882785562944
-0.002676882785562948
-0.0026768827855629374
-0.0026768827855629287
-0.002676882785562923
-0.0026768827855629417
-0.0026768827855629604
-0.0026768827855627878
-0.0026768827855629283
-0.0026768827855629482
-0.0026768827855629617
-0.0026768827855629426
-0.0026768827855629747
-0.0026768827855629686
-0.002676882785562934
-0.002676882785562993
-0.002676882785562953
-0.002676882785562882
-0.002676882785562909
-0.002676882785562955
-0.0026768827855628945
-0.0026768827855629283
-0.002676882785562922
-0.002676882785562818
-0.002676882785562904
-0.002676882785562888
-0.002676882785562914
-0.002676882785562879
-0.0026768827855628862
-0.0026768827855629157
-0.002676882785562927
-0.002676882785562921
-0.002676882785562926
-0.002676882785562899
-0.002676882785562896
-0.0026768827855629465
-0.002676882785562914
-0.0026768827855629404
-0.002676882785562902
-0.0026768827855629686
-0.002676882785562918
-0.002676882785562925
-0.002676882785562886
-0.0026768827855629044
-0.002676882785562906
-0.0026768827855628906
-0.002676882785562914
-0.002676882785562936
-0.002676882785562922
-0.002676882785562934
-0.0026768827855629396
-0.002676882785562927
-0.002676882785562953
-0.0026768827855629365
-0.002676882785562958
-0.0026768827855629122
-0.00267688278556291
-0.002676882785562929
-0.002676882785562909
-0.002676882785562922
-0.0026768827855629313
-0.0026768827855629365
-0.0026768827855629326
-0.002676882785562963
-0.0026768827855629344
-0.002676882785562893
-0.0026768827855628923
-0.0026768827855629357
-0.0026768827855629205
-0.0026768827855629253
-0.002676882785562922
-0.002676882785562918
-0.0026768827855629053
-0.0026768827855629456
-0.0026768827855628953
-0.0026768827855629305
-0.002676882785562896
-0.0026768827855629595
-0.002676882785562937
-0.0026768827855628745
-0.002676882785562929
-0.00267688278556297
-0.002676882785562946
-0.002676882785562892
-0.0026768827855629153
-0.0026768827855629357
-0.002676882785562927
-0.0026768827855629157
-0.0026768827855629604
-0.0026768827855629257
-0.0026768827855629626
-0.0026768827855629404
-0.0026768827855629196
-0.0026768827855628945
-0.002676882785562927
-0.0026768827855629114
-0.0026768827855628936
-0.0026768827855629534
-0.0026768827855629374
-0.0026768827855629365
-0.0026768827855629448
-0.002676882785562886
-0.002676882785562907
-0.0026768827855628897
-0.0026768827855629274
-0.002676882785562934
-0.002676882785562944
-0.0026768827855629404
-0.002676882785562961
-0.00267688278556296
-0.0026768827855629647
-0.0026768827855629504
-0.002676882785562958
-0.002676882785562969
-0.0026768827855629105
-0.0026768827855629313
-0.002676882785562982
-0.0026768827855629456
-0.0026768827855629513
-0.002676882785562905
-0.002676882785562981
-0.002676882785562964
-0.0026768827855629266
-0.0026768827855628984
-0.002676882785562976
-0.0026768827855628975
-0.0026768827855629413
-0.002676882785562914
-0.002676882785562944
-0.0026768827855629534
-0.0026768827855629656
-0.0026768827855629313
-0.002676882785562952
-0.0026768827855629365
-0.002676882785562965
-0.0026768827855633
-0.0026768827855629487
-0.0026768827855629517
-0.0026768827855629617
-0.0026768827855629643
-0.002676882785562981
-0.002676882785562975
-0.0026768827855629565
-0.002676882785562948
-0.0026768827855629665
0.0
0.0
0.0
0.0
0.0
0.0
0.0
0.0
0.0
0.0
0.0
0.0
0.0
0.0
0.0
0.0
0.0
0.0
0.0
0.0
0.0
0.0
0.0
0.0
0.0
0.0
0.0
0.0
0.0
0.0
0.0
0.0
0.0
0.0
0.0
0.0
0.0
0.0
0.0
0.0
0.0
0.0
0.0
0.0
0.0
0.0
0.0
0.0
0.0
0.0
0.0
0.0
0.0
0.0
0.0
0.0
0.0
0.0
0.0
0.0
0.0
0.0
0.0
0.0
0.0
0.0
0.0
0.0
0.0
0.0
0.0
0.0
0.0
0.0
0.0
0.0
0.0
0.0
0.0
0.0
0.0
0.0
0.0
0.0
0.0
0.0
0.0
0.0
0.0
0.0
0.0
0.0
0.0
0.0
0.0
0.0
0.0
0.0
0.0
0.0
0.0
0.0
0.0
0.0
0.0
0.0
0.0
0.0
0.0
0.0
0.0
0.0
0.0
0.0
0.0
0.0
0.0
0.0
0.0
0.0
0.0
0.0
0.0
0.0
0.0
0.0
0.0
0.0
0.0
0.0
0.0
0.0
0.0
0.0
0.0
0.0
0.0
0.0
0.0
0.0
0.0
0.0
0.0
0.0
0.0
0.0
0.0
0.0
0.0
0.0
0.0
0.0
0.0
0.0
0.0
0.0
0.0
0.0
0.0
0.0
0.0
0.0
0.0
0.0
0.0
0.0
0.0
0.0
0.0
0.0
0.0
0.0
0.0
0.0
0.0
0.0
0.0
0.0
0.0
0.0
0.0
0.0
0.0
0.0
0.0
0.0
0.0
0.0
0.0
0.0
0.0
0.0
0.0
0.0
0.0
0.0
0.0
0.0
0.0
0.0
0.0
0.0
0.0
0.0
0.0
0.0
0.0
0.0
0.0
0.0
0.0
0.0
0.0
0.0
0.0
0.0
0.0
0.0
0.0
0.0
0.0
0.0
0.0
0.0
0.0
0.0
0.0
0.0
0.0
0.0
0.0
0.0
0.0
0.0
0.0
0.0
0.0
0.0
0.0
0.0
0.0
0.0
0.0
0.0
0.0
0.0
0.0
0.0
0.0
0.0
0.0
0.0
0.0
0.0
0.0
0.0
0.0
0.0
0.0
0.0
0.0
0.0
0.0
0.0
0.0
0.0
0.0
0.0
0.0
0.0
0.0
0.0
0.0
0.0
0.0
0.0
0.0
0.0
0.0
0.0
0.0
0.0
0.0
0.0
0.0
0.0
0.0
0.0
0.0
0.0
0.0
0.0
0.0
0.0
0.0
0.0
0.0
0.0
0.0
0.0
0.0
0.0
0.0
0.0
0.0
0.0
0.0
0.0
0.0
0.0
0.0
0.0
0.0
0.0
0.0
0.0
0.0
0.0
0.0
0.0
0.0
0.0
0.0
0.0
0.0
0.0
0.0
0.0
0.0
0.0
0.0
0.0
0.0
0.0
0.0
0.0
0.0
0.0
0.0
0.0
0.0
0.0
0.0
0.0
0.0
0.0
0.0
0.0
0.0
0.0
0.0
0.0
0.0
0.0
0.0
0.0
0.0
0.0
0.0
0.0
0.0
0.0
0.0
0.0
0.0
0.0
0.0
0.0
0.0
0.0
0.0
0.0
0.0
0.0
0.0
0.0
0.0
0.0
0.0
0.0
0.0
0.0
0.0
0.0
0.0
0.0
0.0
0.0
0.0
0.0
0.0
0.0
0.0
0.0
0.0
0.0
0.0
0.0
0.0
0.0
0.0
0.0
0.0
0.0
0.0
0.0
0.0
0.0
0.0
0.0
0.0
0.0
0.0
0.0
0.0
0.0
0.0
0.0
0.0
0.0
0.0
0.0
0.0
0.0
0.0
0.0
0.0
0.0
0.0
0.0
0.0
0.0
0.0
0.0
0.0
0.0
0.0
0.0
0.0
0.0
0.0
0.0
0.0
0.0
0.0
0.0
0.0
0.0
0.0
0.0
0.0
0.0
0.0
0.0
0.0
0.0
0.0
0.0
0.0
0.0
0.0
0.0
0.0
0.0
0.0
0.0
0.0
0.0
0.0
0.0
0.0
0.0
0.0
0.0
0.0
0.0
0.0
0.0
0.0
0.0
0.0
0.0
0.0
0.0
0.0
0.0
0.0
0.0
0.0
0.0
0.0
0.0
0.0
0.0
0.0
0.0
0.0
0.0
0.0
0.0
0.0
0.0
0.0
0.0
0.0
0.0
0.0
0.0
0.0
0.0
0.0
0.0
0.0
0.0
0.0
0.0
0.0
0.0
0.0
0.0
0.0
0.0
0.0
0.0
0.0
0.0
0.0
0.0
0.0
0.0
0.0
0.0
0.0
0.0
0.0
0.0
0.0
0.0
0.0
0.0
0.0
0.0
0.0
0.0
0.0
0.0
0.0
0.0
0.0
0.0
0.0
0.0
0.0
0.0
0.0
0.0
0.0
0.0
0.0
0.0
0.0
0.0
0.0
0.0
0.0
0.0
0.0
0.0
0.0
0.0
0.0
0.0
0.0
0.0
0.0
0.0
0.0
0.0
0.0
0.0
0.0
0.0
0.0
0.0
0.0
0.0
0.0
0.0
0.0
0.0
0.0
0.0
0.0
0.0
0.0
0.0
0.0
0.0
0.0
0.0
0.0
0.0
0.0
0.0
0.0
0.0
0.0
0.0
0.0
0.0
0.0
0.0
0.0
0.0
0.0
0.0
0.0
0.0
0.0
0.0
0.0
0.0
0.0
0.0
0.0
0.0
0.0
0.0
0.0
0.0
0.0
0.0
0.0
0.0
0.0
0.0
0.0
0.0
0.0
0.0
0.0
0.0
0.0
0.0
0.0
0.0
0.0
0.0
0.0
0.0
0.0
0.0
0.0
0.0
0.0
0.0
0.0
0.0
0.0
0.0
0.0
0.0
0.0
0.0
0.0
0.0
0.0
0.0
0.0
0.0
0.0
0.0
0.0
0.0
0.0
0.0
0.0
0.0
0.0
0.0
0.0
0.0
0.0
0.0
0.0
0.0
0.0
0.0
0.0
0.0
0.0
0.0
0.0
0.0
0.0
0.0
0.0
0.0
0.0
0.0
0.0
0.0
0.0
0.0
0.0
0.0
0.0
0.0
0.0
0.0
0.0
0.0
0.0
0.0
0.0
0.0
0.0
0.0
0.0
0.0
0.0
0.0
0.0
0.0
0.0
0.0
0.0
0.0
0.0
0.0
0.0
0.0
0.0
0.0
0.0
0.0
0.0
0.0
0.0
0.0
0.0
0.0
0.0
0.0
0.0
0.0
0.0
0.0
0.0
0.0
0.0
0.0
0.0
0.0
0.0
0.0
0.0
0.0
0.0
0.0
0.0
0.0
0.0
0.0
0.0
0.0
0.0
0.0
0.0
0.0
0.0
0.0
0.0
0.0
0.0
0.0
0.0
0.0
0.0
0.0
0.0
0.0
0.0
0.0
0.0
0.0
0.0
0.0
0.0
0.0
0.0
0.0
0.0
0.0
0.0
0.0
0.0
0.0
0.0
0.0
0.0
0.0
0.0
0.0
0.0
0.0
0.0
0.0
0.0
0.0
0.0
0.0
0.0
0.0
0.0
0.0
0.0
0.0
0.0
0.0
0.0
0.0
0.0
0.0
0.0
0.0
0.0
0.0
0.0
0.0
0.0
0.0
0.0
0.0
0.0
0.0
0.0
0.0
0.0
0.0
0.0
0.0
0.0
0.0
0.0
0.0
0.0
0.0
0.0
0.0
0.0
0.0
0.0
0.0
0.0
0.0
0.0
0.0
0.0
0.0
0.0
0.0
0.0
0.0
0.0
0.0
0.0
0.0
0.0
0.0
0.0
0.0
0.0
0.0
0.0
0.0
0.0
0.0
0.0
0.0
0.0
0.0
0.0
0.0
0.0
0.0
0.0
0.0
0.0
0.0
0.0
0.0
0.0
0.0
0.0
0.0
0.0
0.0
0.0
0.0
0.0
0.0
0.0
0.0
0.0
0.0
0.0
0.0
0.0
0.0
0.0
0.0
0.0
0.0
0.0
0.0
0.0
0.0
0.0
0.0
0.0
0.0
0.0
0.0
0.0
0.0
0.0
0.0
0.0
0.0
0.0
0.0
0.0
0.0
0.0
0.0
0.0
0.0
0.0
0.0
0.0
0.0
0.0
0.0
0.0
0.0
0.0
0.0
0.0
0.0
0.0
0.0
0.0
0.0
0.0
0.0
0.0
0.0
0.0
0.0
0.0
0.0
0.0
0.0
0.0
0.0
0.0
0.0
0.0
0.0
0.0
0.0
0.0
0.0
0.0
0.0
0.0
0.0
0.0
0.0
0.0
0.0
0.0
0.0
0.0
0.0
0.0
0.0
0.0
0.0
0.0
0.0
0.0
0.0
0.0
0.0
0.0
0.0
0.0
0.0
0.0
0.0
0.0
0.0
0.0
0.0
0.0
0.0
0.0
0.0
0.0
0.0
0.0
0.0
0.0
0.0
0.0
0.0
0.0
0.0
0.0
0.0
0.0
-0.0
