-0.0009373574241136759
-0.0009373574241136832
-0.0009373574241136588
-0.0009373574241136406
-0.0009373574241136381
-0.0009373574241136195
-0.0009373574241136629
-0.000937357424113633
-0.0009373574241136511
-0.0009373574241136445
-0.0009373574241136522
-0.0009373574241136484
-0.0009373574241136578
-0.0009373574241136322
-0.0009373574241136204
-0.0009373574241136617
-0.0009373574241136484
-0.0009373574241135999
-0.0009373574241136185
-0.0009373574241136259
-0.0009373574241136772
-0.0009373574241136667
-0.0009373574241136547
-0.0009373574241136376
-0.0009373574241136719
-0.0009373574241136503
-0.0009373574241136188
-0.0009373574241136353
-0.0009373574241136602
-0.0009373574241136588
-0.0009373574241136051
-0.0009373574241136397
-0.0009373574241136787
-0.0009373574241136729
-0.000937357424113643
-0.0009373574241136395
-0.0009373574241136986
-0.0009373574241136663
-0.0009373574241135795
-0.0009373574241136362
-0.0009373574241136732
-0.0009373574241136486
-0.0009373574241136619
-0.0009373574241136497
-0.0009373574241136415
-0.0009373574241136074
-0.0009373574241136206
-0.0009373574241136518
-0.0009373574241136652
-0.0009373574241136606
-0.0009373574241136074
-0.0009373574241136649
-0.0009373574241136385
-0.0009373574241136566
-0.0009373574241137931
-0.0009373574241136528
-0.0009373574241136369
-0.0009373574241136638
-0.0009373574241136584
-0.000937357424113637
-0.0009373574241136511
-0.000937357424113651
-0.0009373574241136432
-0.0009373574241136347
-0.0009373574241136612
-0.0009373574241136603
-0.0009373574241136207
-0.0009373574241136336
-0.0009373574241136418
-0.0009373574241136379
-0.0009373574241136408
-0.0009373574241136462
-0.0009373574241136555
-0.000937357424113639
-0.0009373574241136632
-0.0009373574241136311
-0.0009373574241136282
-0.000937357424113641
-0.0009373574241136277
-0.000937357424113654
-0.000937357424113656
-0.000937357424113656
-0.0009373574241136528
-0.0009373574241136719
-0.0009373574241136508
-0.0009373574241136665
-0.0009373574241137243
-0.0009373574241136473
-0.0009373574241136588
-0.000937357424113664
-0.0009373574241136459
-0.0009373574241136337
-0.0009373574241136586
-0.0009373574241136397
-0.0009373574241136256
-0.000937357424113643
-0.0009373574241136252
-0.0009373574241136399
-0.0009373574241135951
-0.0009373574241136808
-0.0009373574241136578
-0.0009373574241136413
-0.0009373574241135673
-0.0009373574241136156
-0.0009373574241136112
-0.0009373574241136292
-0.0009373574241136436
-0.0009373574241136478
-0.0009373574241136408
-0.0009373574241136311
-0.0009373574241135789
-0.0009373574241136399
-0.0009373574241136513
-0.0009373574241136558
-0.0009373574241136515
-0.0009373574241136611
-0.0009373574241136136
-0.0009373574241136562
-0.000937357424113459
-0.0009373574241136607
-0.0009373574241136959
-0.0009373574241136603
-0.0009373574241136314
-0.0009373574241136592
-0.0009373574241136778
-0.0009373574241136307
-0.0009373574241135947
-0.0009373574241136655
-0.0009373574241136615
-0.0009373574241136692
-0.0009373574241136614
-0.000937357424113685
-0.0009373574241136924
-0.0009373574241136899
-0.0009373574241135475
-0.0009373574241136387
-0.0009373574241136621
-0.0009373574241136824
-0.0009373574241136423
-0.0009373574241136832
-0.0009373574241136832
-0.0009373574241136562
-0.000937357424113591
-0.0009373574241136692
-0.0009373574241136695
-0.0009373574241136934
-0.0009373574241136834
-0.0009373574241136508
-0.0009373574241136769
-0.0009373574241136592
-0.0009373574241136618
-0.0009373574241136785
-0.0009373574241136681
-0.0009373574241136825
-0.0009373574241136914
-0.0009373574241136792
-0.000937357424113685
-0.0009373574241136714
-0.0009373574241136241
-0.000937357424113664
-0.0009373574241136385
-0.0009373574241136387
-0.0009373574241136614
-0.0009373574241136393
-0.0009373574241136522
-0.0009373574241136429
-0.0009373574241135722
-0.0009373574241136277
-0.0009373574241136563
-0.0009373574241136636
-0.0009373574241136633
-0.0009373574241136378
-0.0009373574241136586
-0.0009373574241136384
-0.0009373574241135562
-0.0009373574241136717
-0.000937357424113657
-0.0009373574241136565
-0.0009373574241136196
-0.0009373574241136589
-0.0009373574241136659
-0.0009373574241136669
-0.0009373574241136558
-0.0009373574241136617
-0.0009373574241136293
-0.000937357424113675
-0.0009373574241136926
-0.0009373574241137007
-0.0009373574241136569
-0.0009373574241136271
-0.0009373574241136345
-0.0009373574241136612
-0.0009373574241136511
-0.0009373574241136418
-0.0009373574241136356
-0.0009373574241136366
-0.0009373574241136619
-0.0009373574241136869
-0.0009373574241136924
-0.0009373574241136348
-0.0009373574241136549
-0.000937357424113668
-0.0009373574241136559
-0.0009373574241136623
-0.0009373574241136667
-0.0009373574241136554
-0.0009373574241136256
-0.0009373574241136554
-0.0009373574241136208
-0.00093735742411361
-0.0009373574241136442
-0.0009373574241136465
-0.0009373574241136429
-0.0009373574241136573
-0.0009373574241135646
-0.0009373574241136262
-0.0009373574241136803
-0.0009373574241136485
-0.0009373574241136741
-0.0009373574241136545
-0.000937357424113639
-0.0009373574241136347
-0.00093735742411361
-0.0009373574241136315
-0.0009373574241136655
-0.0009373574241136423
-0.0009373574241136455
-0.0009373574241136554
-0.0009373574241136782
-0.0009373574241136473
-0.0009373574241136774
-0.0009373574241136629
-0.0009373574241136558
-0.0009373574241136486
-0.0009373574241136718
-0.0009373574241136244
-0.0009373574241136497
-0.0009373574241136597
-0.0009373574241136186
-0.0009373574241136799
-0.0009373574241136593
-0.0009373574241136848
-0.0009373574241136343
-0.0009373574241136662
-0.0009373574241136262
-0.0009373574241136603
-0.0009373574241135216
-0.0009373574241136569
-0.0009373574241136859
-0.000937357424113637
-0.000937357424113651
-0.0009373574241136537
-0.0009373574241136773
-0.0009373574241136434
-0.0009373574241135999
-0.0009373574241136545
-0.0009373574241136761
-0.0009373574241136445
-0.0009373574241136385
-0.000937357424113633
-0.0009373574241135889
-0.0009373574241136278
-0.0009373574241136555
-0.0009373574241136737
-0.0009373574241136574
-0.0009373574241136623
-0.0009373574241136295
-0.0009373574241136429
-0.0009373574241136282
-0.0009373574241136253
-0.0009373574241135944
-0.0009373574241136462
-0.0009373574241136795
-0.0009373574241136696
-0.0009373574241136337
-0.0009373574241136736
-0.0009373574241136695
-0.0009373574241136499
-0.0009373574241136478
-0.000937357424113591
-0.0009373574241136658
-0.0009373574241136603
-0.000937357424113661
-0.0009373574241136792
-0.0009373574241136567
-0.0009373574241136807
-0.0009373574241136381
-0.0009373574241136721
-0.0009373574241136308
-0.0009373574241136048
-0.000937357424113635
-0.0009373574241136201
-0.0009373574241136154
-0.0009373574241136691
-0.000937357424113577
-0.0009373574241136482
-0.0009373574241136178
-0.0009373574241136376
-0.0009373574241136344
-0.000937357424113658
-0.0009373574241136236
-0.0009373574241136407
-0.0009373574241136084
-0.0009373574241136644
-0.000937357424113628
-0.0009373574241136326
-0.0009373574241136522
-0.0009373574241136651
-0.0009373574241136837
-0.000937357424113654
-0.000937357424113695
-0.0009373574241136477
-0.0009373574241136282
-0.0009373574241136569
-0.0009373574241136589
-0.0009373574241136566
-0.000937357424113645
-0.000937357424113637
-0.0009373574241136345
-0.0009373574241136154
-0.000937357424113636
-0.0009373574241136451
-0.0009373574241136264
-0.0009373574241136337
-0.0009373574241136052
-0.0009373574241136476
-0.0009373574241136825
-0.0009373574241136173
-0.0009373574241136382
-0.0009373574241136565
-0.0009373574241136614
-0.0009373574241136611
-0.0009373574241136343
-0.0009373574241136201
-0.0009373574241136085
-0.0009373574241136418
-0.0009373574241136758
-0.0009373574241136482
-0.0009373574241136595
-0.0009373574241136628
-0.0009373574241136492
-0.0009373574241136074
-0.0009373574241137033
-0.0009373574241136348
-0.0009373574241136433
-0.0009373574241136397
-0.0009373574241136845
-0.0009373574241136447
-0.0009373574241136629
-0.0009373574241136348
-0.0009373574241136173
-0.0009373574241136437
-0.0009373574241136288
-0.0009373574241136447
-0.000937357424113635
-0.0009373574241136456
-0.0009373574241136534
-0.00093735742411368
-0.0009373574241136237
-0.0009373574241136255
-0.0009373574241136604
-0.0009373574241136371
-0.0009373574241136834
-0.0009373574241136414
-0.0009373574241136513
-0.0009373574241136358
-0.0009373574241136293
-0.0009373574241136619
-0.0009373574241136929
-0.000937357424113658
-0.0009373574241136264
-0.0009373574241136522
-0.0009373574241136195
-0.0009373574241136164
-0.0009373574241136811
-0.0009373574241136322
-0.0009373574241136743
-0.0009373574241136511
-0.0009373574241136307
-0.0009373574241136644
-0.0009373574241136518
-0.0009373574241136562
-0.0009373574241136418
-0.0009373574241136204
-0.0009373574241136649
-0.0009373574241136215
-0.0009373574241136523
-0.0009373574241136522
-0.0009373574241136863
-0.0009373574241136084
-0.0009373574241136334
-0.0009373574241136307
-0.0009373574241136665
-0.0009373574241136307
-0.00093735742411367
-0.000937357424113681
-0.0009373574241136192
-0.0009373574241136421
-0.0009373574241135962
-0.0009373574241136695
-0.000937357424113628
-0.0009373574241136413
-0.0009373574241136485
-0.0009373574241136227
-0.0009373574241136845
-0.000937357424113664
-0.0009373574241136965
-0.0009373574241136497
-0.0009373574241136534
-0.0009373574241136658
-0.0009373574241136684
-0.0009373574241136528
-0.0009373574241136468
-0.0009373574241136692
-0.0009373574241136259
-0.0009373574241136518
-0.0009373574241136654
-0.0009373574241136672
-0.0009373574241136326
-0.0009373574241136212
-0.0009373574241136451
-0.0009373574241136563
-0.0009373574241136138
-0.0009373574241136595
-0.0009373574241137051
-0.0009373574241136563
-0.0009373574241136689
-0.0009373574241136643
-0.0009373574241136733
-0.0009373574241136719
-0.0009373574241136724
-0.0009373574241136606
-0.0009373574241136388
-0.0009373574241136392
-0.0009373574241136607
-0.0009373574241136813
-0.0009373574241136415
-0.0009373574241136589
-0.0009373574241135183
-0.0009373574241136445
-0.00093735742411369
-0.0009373574241136978
-0.0009373574241136602
-0.0009373574241136867
-0.0009373574241136837
-0.0009373574241136356
-0.0009373574241136086
-0.0009373574241136807
-0.0009373574241136851
-0.0009373574241136803
-0.0009373574241136718
-0.00093735742411368
-0.0009373574241136586
-0.0009373574241136863
-0.00093735742411368
-0.0009373574241136502
-0.0009373574241136743
-0.0009373574241137152
-0.0009373574241136798
-0.0009373574241136685
-0.0009373574241136937
-0.0009373574241136707
-0.000937357424113631
-0.0009373574241136711
-0.0009373574241136649
-0.0009373574241136804
-0.0009373574241136743
-0.0009373574241136623
-0.0009373574241136669
-0.000937357424113685
-0.0009373574241135578
-0.0009373574241136825
-0.000937357424113701
-0.000937357424113702
-0.000937357424113677
-0.0009373574241136689
-0.0009373574241136782
-0.0009373574241136682
-0.0009373574241136463
-0.0009373574241136859
-0.0009373574241136359
-0.0009373574241136567
-0.0009373574241136399
-0.0009373574241136367
-0.0009373574241136669
-0.0009373574241136562
-0.0009373574241136504
-0.000937357424113634
-0.0009373574241136704
-0.0009373574241136327
-0.0009373574241136958
-0.0009373574241136606
-0.0009373574241136619
-0.0009373574241136293
-0.000937357424113624
-0.0009373574241136537
-0.0009373574241136612
-0.0009373574241136819
-0.0009373574241136643
-0.0009373574241136651
-0.0009373574241136737
-0.0009373574241137147
-0.0009373574241136314
-0.0009373574241136555
-0.0009373574241137055
-0.0009373574241136419
-0.00093735742411373
-0.0009373574241136941
-0.00093735742411366
-0.0009373574241136581
-0.0009373574241136225
-0.0009373574241136486
-0.0009373574241136902
-0.0009373574241136924
-0.0009373574241137361
-0.0009373574241136937
-0.0009373574241137167
-0.0009373574241136847
-0.000937357424113712
-0.0009373574241136778
-0.0009373574241136873
-0.0009373574241137112
-0.0009373574241137147
-0.0009373574241137273
-0.0009373574241137165
-0.0009373574241136887
-0.0009373574241136777
-0.0009373574241136929
-0.00093735742411368
-0.0009373574241136996
-0.0009373574241137055
-0.0009373574241137298
-0.0009373574241137
-0.0009373574241136941
-0.0009373574241136547
-0.0009373574241136659
-0.0009373574241136507
-0.0009373574241137385
-0.0009373574241137256
-0.0009373574241136774
-0.0009373574241136963
-0.0009373574241136914
-0.0009373574241136658
-0.000937357424113712
-0.0009373574241137321
-0.0009373574241137588
-0.000937357424113725
-0.0009373574241137167
-0.0009373574241137033
-0.0009373574241136851
-0.000937357424113653
-0.0009373574241136839
-0.0009373574241137237
-0.0009373574241137044
-0.0009373574241136632
-0.0009373574241137546
-0.0009373574241137583
-0.0009373574241136908
-0.0009373574241136743
-0.0009373574241137089
-0.0009373574241137152
-0.000937357424113701
-0.0009373574241137436
-0.0009373574241137204
-0.0009373574241136988
-0.0009373574241136722
-0.0009373574241136558
-0.0009373574241136893
-0.0009373574241137032
-0.0009373574241137077
-0.0009373574241137135
-0.0009373574241136817
-0.0009373574241136654
-0.0009373574241137232
-0.0009373574241136865
-0.0009373574241137496
-0.0009373574241137198
-0.0009373574241137363
-0.00093735742411373
-0.0009373574241137581
-0.0009373574241137141
-0.0009373574241137209
-0.0009373574241136899
-0.0009373574241137118
-0.0009373574241137219
-0.000937357424113723
-0.0009373574241137062
-0.0009373574241137476
-0.0009373574241136392
-0.0009373574241137107
-0.0009373574241136536
-0.000937357424113725
-0.0009373574241136677
-0.0009373574241137391
-0.0009373574241137178
-0.0009373574241137181
-0.0009373574241137529
-0.0009373574241137237
-0.0009373574241137104
-0.0009373574241136856
-0.0009373574241137494
-0.0009373574241137408
-0.0009373574241137133
-0.0009373574241137132
-0.0009373574241137178
-0.0009373574241136824
-0.0009373574241137522
-0.0009373574241136591
-0.0009373574241137122
-0.0009373574241136952
-0.000937357424113746
-0.0009373574241137183
-0.0009373574241137017
-0.0009373574241137204
-0.0009373574241136799
-0.0009373574241136762
-0.000937357424113713
-0.0009373574241136695
-0.0009373574241137013
-0.000937357424113678
-0.0009373574241137235
-0.0009373574241136856
-0.0009373574241136847
-0.00093735742411373
-0.0009373574241136882
-0.0009373574241136836
-0.0009373574241137141
-0.0009373574241137109
-0.000937357424113711
-0.0009373574241137161
-0.0009373574241135977
-0.0009373574241137273
-0.0009373574241136973
-0.0009373574241137058
-0.0009373574241136939
-0.0009373574241136867
-0.0009373574241136911
-0.000937357424113664
-0.0009373574241136485
-0.0009373574241136994
-0.0009373574241137158
-0.0009373574241137184
-0.0009373574241137288
-0.000937357424113696
-0.0009373574241136477
-0.0009373574241137033
-0.0009373574241137487
-0.0009373574241137117
-0.0009373574241136807
-0.0009373574241136891
-0.0009373574241136558
-0.0009373574241136591
-0.0009373574241136897
-0.0009373574241137046
-0.0009373574241136552
-0.000937357424113706
-0.0009373574241137063
-0.0009373574241137084
-0.0009373574241136945
-0.0009373574241136948
-0.0009373574241136772
-0.0009373574241137141
-0.0009373574241136341
-0.000937357424113671
-0.0009373574241136363
-0.0009373574241136729
-0.0009373574241136826
-0.000937357424113668
-0.0009373574241136795
-0.0009373574241136759
-0.0009373574241137195
-0.0009373574241137102
-0.0009373574241136989
-0.0009373574241137373
-0.0009373574241137018
-0.0009373574241136336
-0.0009373574241136915
-0.0009373574241136973
-0.0009373574241136408
-0.0009373574241136545
-0.0009373574241136706
-0.0009373574241136936
-0.0009373574241136769
-0.00093735742411368
-0.0009373574241136591
-0.0009373574241136513
-0.0009373574241136379
-0.0009373574241137366
-0.0009373574241136965
-0.0009373574241136636
-0.0009373574241136871
-0.0009373574241137118
-0.0009373574241136638
-0.0009373574241136426
-0.000937357424113636
-0.0009373574241137086
-0.0009373574241136559
-0.0009373574241136581
-0.0009373574241136448
-0.0009373574241137052
-0.000937357424113673
-0.0009373574241136575
-0.000937357424113664
-0.0009373574241136793
-0.0009373574241136924
-0.0009373574241136976
-0.00093735742411373
-0.0009373574241137077
-0.0009373574241136267
-0.0009373574241136863
-0.0009373574241136384
-0.0009373574241137163
-0.0009373574241136919
-0.0009373574241137224
-0.0009373574241136889
-0.0009373574241136867
-0.0009373574241136515
-0.0009373574241137077
-0.0009373574241135893
-0.0009373574241136192
-0.0009373574241137125
-0.0009373574241137532
-0.000937357424113746
-0.0009373574241137578
-0.0009373574241135992
-0.0009373574241137139
-0.0009373574241136618
-0.0009373574241136589
-0.0009373574241137066
-0.000937357424113704
-0.0009373574241136558
-0.0009373574241137026
-0.0009373574241136481
-0.000937357424113714
-0.0009373574241136326
-0.0009373574241136966
-0.0009373574241136539
-0.000937357424113637
-0.0009373574241137154
-0.000937357424113728
-0.0009373574241137099
-0.0009373574241136747
-0.0009373574241137263
-0.0009373574241137385
-0.0009373574241136397
-0.0009373574241136366
-0.0009373574241137369
-0.0009373574241136974
-0.0009373574241136425
-0.0009373574241137163
-0.0009373574241137662
-0.0009373574241137032
-0.0009373574241135591
-0.0009373574241136243
-0.0009373574241136477
-0.0009373574241135899
-0.0009373574241136976
-0.0009373574241137099
0.9991003083217294
-0.0009373574241136651
-0.0009373574241137044
-0.0009373574241136452
-0.0009373574241136939
-0.0009373574241136891
-0.0009373574241136562
-0.0009373574241136253
-0.0009373574241136399
-0.0009373574241136604
-0.0009373574241136662
-0.0009373574241136658
-0.0009373574241136496
-0.000937357424113647
-0.0009373574241136569
-0.0009373574241136536
-0.00093735742411368
-0.0009373574241136413
-0.0009373574241136015
-0.0009373574241136318
-0.0009373574241136822
-0.0009373574241136698
-0.0009373574241136434
-0.0009373574241136321
-0.0009373574241135893
-0.0009373574241136426
-0.0009373574241136574
-0.0009373574241136388
-0.0009373574241136252
-0.0009373574241136112
-0.0009373574241136839
-0.0009373574241136777
-0.0009373574241137172
-0.0009373574241136643
-0.0009373574241136447
-0.0009373574241136404
-0.0009373574241136353
-0.000937357424113618
-0.0009373574241135992
-0.0009373574241136423
-0.0009373574241135878
-0.0009373574241136204
-0.0009373574241136566
-0.0009373574241136373
-0.000937357424113624
-0.000937357424113623
-0.0009373574241136306
-0.0009373574241136507
-0.0009373574241137143
-0.0009373574241136414
-0.0009373574241136772
-0.0009373574241136675
-0.0009373574241136577
-0.0009373574241136856
-0.0009373574241135997
-0.0009373574241136665
-0.0009373574241137106
-0.0009373574241136698
-0.0009373574241136761
-0.0009373574241136237
-0.0009373574241136607
-0.0009373574241136837
-0.0009373574241137076
-0.000937357424113667
-0.0009373574241137931
-0.0009373574241136366
-0.0009373574241136772
-0.0009373574241136939
-0.0009373574241136381
-0.0009373574241136684
-0.000937357424113635
-0.0009373574241136397
-0.0009373574241136223
-0.0009373574241136562
-0.0009373574241137015
-0.0009373574241136774
-0.0009373574241136693
-0.0009373574241136965
-0.0009373574241136465
-0.0009373574241136649
-0.0009373574241136971
-0.0009373574241136711
-0.0009373574241136855
-0.0009373574241136706
-0.0009373574241136798
-0.0009373574241136611
-0.0009373574241136363
-0.0009373574241136164
-0.0009373574241136066
-0.0009373574241136552
-0.0009373574241136787
-0.0009373574241136517
-0.0009373574241136289
-0.0009373574241136393
-0.0009373574241136592
-0.00093735742411365
-0.0009373574241137033
-0.0009373574241136499
-0.0009373574241136195
-0.0009373574241136621
-0.0009373574241136147
-0.000937357424113629
-0.0009373574241136495
-0.0009373574241136599
-0.0009373574241136536
-0.0009373574241136569
-0.0009373574241136255
-0.0009373574241136459
-0.0009373574241136681
-0.0009373574241136537
-0.0009373574241136833
-0.0009373574241137115
-0.0009373574241136922
-0.0009373574241136322
-0.000937357424113674
-0.0009373574241136659
-0.0009373574241136748
-0.0009373574241137052
-0.0009373574241136873
-0.0009373574241136492
-0.0009373574241136656
-0.0009373574241137062
-0.0009373574241136656
-0.0009373574241136889
-0.0009373574241136743
-0.0009373574241136574
-0.000937357424113691
-0.0009373574241136255
-0.0009373574241136534
-0.0009373574241136649
-0.0009373574241136928
-0.0009373574241136367
-0.0009373574241136565
-0.000937357424113661
-0.0009373574241136792
-0.0009373574241136945
-0.0009373574241136745
-0.0009373574241137
-0.0009373574241136567
-0.0009373574241136865
-0.0009373574241136755
-0.0009373574241136888
-0.0009373574241136973
-0.0009373574241136695
-0.0009373574241136433
-0.0009373574241136422
-0.0009373574241136869
-0.0009373574241136896
-0.0009373574241136761
-0.0009373574241136711
-0.000937357424113683
-0.0009373574241136997
-0.0009373574241136188
-0.0009373574241136859
-0.0009373574241136665
-0.0009373574241136754
-0.000937357424113684
-0.0009373574241136599
-0.00093735742411369
-0.0009373574241137
-0.0009373574241136548
-0.0009373574241136621
-0.0009373574241137326
-0.0009373574241136919
-0.0009373574241137066
-0.0009373574241136548
-0.0009373574241137002
-0.0009373574241137069
-0.0009373574241136589
-0.0009373574241136319
-0.0009373574241136945
-0.0009373574241137003
-0.0009373574241137245
-0.0009373574241137083
-0.0009373574241137054
-0.000937357424113698
-0.0009373574241136384
-0.0009373574241136296
-0.0009373574241136829
-0.0009373574241136496
-0.0009373574241137215
-0.0009373574241136575
-0.0009373574241137102
-0.0009373574241136899
-0.0009373574241136569
-0.000937357424113712
-0.0009373574241136974
-0.0009373574241136965
-0.0009373574241136963
-0.0009373574241136889
-0.0009373574241137002
-0.0009373574241136826
-0.0009373574241137342
-0.000937357424113694
-0.000937357424113713
-0.0009373574241137063
-0.000937357424113681
-0.0009373574241136785
-0.0009373574241136824
-0.0009373574241136456
-0.0009373574241136588
-0.0009373574241136761
-0.0009373574241136569
-0.0009373574241136814
-0.0009373574241136681
-0.0009373574241136807
-0.0009373574241136756
-0.0009373574241136584
-0.0009373574241136014
-0.0009373574241136821
-0.0009373574241137406
-0.0009373574241137073
-0.0009373574241137154
-0.000937357424113687
-0.00093735742411367
-0.0009373574241136787
-0.0009373574241136292
-0.0009373574241136559
-0.0009373574241136819
-0.0009373574241136973
-0.000937357424113678
-0.0009373574241136522
-0.0009373574241136874
-0.0009373574241136876
-0.0009373574241136965
-0.0009373574241136578
-0.000937357424113679
-0.0009373574241136895
-0.0009373574241136563
-0.0009373574241136648
-0.0009373574241136803
-0.0009373574241136772
-0.0009373574241136411
-0.0009373574241136486
-0.0009373574241136798
-0.0009373574241136633
-0.0009373574241136829
-0.0009373574241136893
-0.000937357424113664
-0.0009373574241136654
-0.0009373574241136063
-0.0009373574241136039
-0.0009373574241136908
-0.0009373574241137154
-0.000937357424113697
-0.0009373574241136385
-0.0009373574241136633
-0.0009373574241136825
-0.0009373574241136534
-0.0009373574241137181
-0.0009373574241136669
-0.0009373574241136896
-0.0009373574241136754
-0.0009373574241136629
-0.0009373574241136604
-0.0009373574241136803
-0.0009373574241137884
-0.0009373574241136755
-0.0009373574241137313
-0.0009373574241136758
-0.0009373574241136798
-0.0009373574241136693
-0.0009373574241136908
-0.0009373574241136793
-0.0009373574241136207
-0.0009373574241136777
-0.0009373574241136658
-0.0009373574241136478
-0.0009373574241136722
-0.0009373574241136374
-0.0009373574241136619
-0.0009373574241136689
-0.0009373574241137389
-0.0009373574241136655
-0.000937357424113636
-0.0009373574241136632
-0.0009373574241136423
-0.000937357424113633
-0.0009373574241136643
-0.0009373574241136369
-0.0009373574241136152
-0.0009373574241136788
-0.000937357424113667
-0.0009373574241136646
-0.0009373574241136442
-0.0009373574241136474
-0.0009373574241137106
-0.0009373574241136818
-0.0009373574241136062
-0.0009373574241136646
-0.0009373574241136508
-0.0009373574241136648
-0.0009373574241136727
-0.0009373574241136604
-0.0009373574241136451
-0.0009373574241136633
-0.000937357424113645
-0.0009373574241136514
-0.000937357424113667
-0.0009373574241136514
-0.0009373574241136099
-0.0009373574241136324
-0.0009373574241136182
-0.0009373574241136381
-0.0009373574241135967
-0.0009373574241136408
-0.0009373574241136355
-0.0009373574241136253
-0.0009373574241136252
-0.0009373574241136495
-0.0009373574241136551
-0.000937357424113627
-0.0009373574241135979
-0.0009373574241136466
-0.0009373574241136266
-0.0009373574241136318
-0.0009373574241136307
-0.0009373574241136241
-0.0009373574241136269
-0.0009373574241136167
-0.0009373574241135085
-0.0009373574241136255
-0.0009373574241136243
-0.0009373574241136442
-0.000937357424113646
-0.0009373574241136288
-0.0009373574241136637
-0.0009373574241136245
-0.0009373574241136588
-0.0009373574241136393
-0.0009373574241136382
-0.0009373574241136578
-0.0009373574241136539
-0.0009373574241136603
-0.0009373574241136421
-0.0009373574241136397
-0.000937357424113653
-0.0009373574241136355
-0.0009373574241136638
-0.0009373574241136654
-0.0009373574241135896
-0.0009373574241136315
-0.0009373574241136374
-0.0009373574241136539
-0.0009373574241136466
-0.0009373574241136555
-0.0009373574241136581
-0.0009373574241136578
-0.0009373574241136319
-0.0009373574241136655
-0.000937357424113661
-0.0009373574241136511
-0.0009373574241135786
-0.0009373574241136322
-0.0009373574241136333
-0.0009373574241136578
-0.0009373574241136729
-0.0009373574241136549
-0.0009373574241136495
-0.0009373574241136415
-0.0009373574241135929
-0.0009373574241136463
-0.0009373574241136316
-0.0009373574241136359
-0.0009373574241136406
-0.0009373574241136784
-0.0009373574241136756
-0.0009373574241136496
-0.0009373574241136384
-0.000937357424113639
-0.000937357424113687
-0.0009373574241136595
-0.0009373574241136804
-0.00093735742411367
-0.0009373574241136567
-0.0009373574241136621
-0.00093735742411365
-0.0009373574241136785
-0.0009373574241136829
-0.0009373574241136529
-0.0009373574241136478
-0.0009373574241136617
-0.0009373574241136651
-0.0009373574241136884
-0.00093735742411357
-0.0009373574241136767
-0.000937357424113679
-0.0009373574241136404
-0.0009373574241136314
-0.0009373574241136378
-0.0009373574241136685
-0.000937357424113601
-0.0009373574241135929
-0.0009373574241136343
-0.0009373574241136256
-0.0009373574241136345
-0.0009373574241136847
-0.0009373574241136476
-0.0009373574241136399
-0.0009373574241136478
-0.0009373574241135648
-0.0009373574241136258
-0.0009373574241136434
-0.0009373574241136606
-0.0009373574241136277
-0.0009373574241136611
-0.0009373574241136359
-0.0009373574241136044
-0.0009373574241136033
-0.0009373574241136415
-0.0009373574241136048
-0.0009373574241136288
-0.0009373574241136136
-0.0009373574241135949
-0.0009373574241136321
-0.0009373574241136221
-0.0009373574241135438
-0.0009373574241136295
-0.0009373574241136277
-0.0009373574241136393
-0.0009373574241136448
-0.0009373574241136104
-0.0009373574241136421
-0.0009373574241136367
-0.0009373574241135426
-0.0009373574241136026
-0.000937357424113679
-0.0009373574241136565
-0.0009373574241136552
-0.0009373574241136378
-0.0009373574241136396
-0.0009373574241136489
-0.0009373574241135992
-0.0009373574241136255
-0.0009373574241136376
-0.0009373574241136334
-0.0009373574241136241
-0.0009373574241136681
-0.0009373574241136442
-0.0009373574241136488
-0.0009373574241135927
-0.0009373574241136529
-0.0009373574241136374
-0.0009373574241136362
-0.0009373574241136675
-0.0009373574241136359
-0.0009373574241136611
-0.00093735742411367
-0.0009373574241136066
-0.0009373574241136154
-0.0009373574241136585
-0.0009373574241136621
-0.0009373574241136362
-0.0009373574241136618
-0.0009373574241136504
-0.0009373574241135977
-0.0009373574241136536
-0.0009373574241136425
-0.0009373574241136612
-0.0009373574241136547
-0.0009373574241136491
-0.0009373574241136448
-0.0009373574241136451
-0.0009373574241136378
-0.0009373574241136262
-0.0009373574241136229
-0.0009373574241136736
-0.0009373574241136858
-0.0009373574241136559
-0.0009373574241136669
-0.000937357424113636
-0.0009373574241136548
-0.0009373574241135719
-0.000937357424113671
-0.0009373574241136334
-0.0009373574241136358
-0.0009373574241136651
-0.0009373574241136486
-0.0009373574241136407
-0.0009373574241136315
-0.0009373574241136826
-0.0009373574241136245
-0.0009373574241136563
-0.0009373574241136277
-0.0009373574241136496
-0.0009373574241136677
-0.0009373574241136369
-0.0009373574241136659
-0.0009373574241136014
-0.0009373574241136465
-0.0009373574241136719
-0.0009373574241136495
-0.0009373574241136196
-0.0009373574241136363
-0.0009373574241136282
-0.000937357424113631
-0.0009373574241136407
-0.0009373574241136341
-0.0009373574241136397
-0.000937357424113644
-0.0009373574241136669
-0.000937357424113633
-0.0009373574241136243
-0.0009373574241136275
-0.0009373574241136308
-0.0009373574241136474
-0.0009373574241136093
-0.000937357424113644
-0.0009373574241136355
-0.000937357424113644
-0.0009373574241136117
-0.0009373574241136288
-0.0009373574241136327
-0.0009373574241136147
-0.0009373574241136482
-0.0009373574241136066
-0.0009373574241136264
-0.0009373574241136225
-0.0009373574241136144
-0.0009373574241136118
-0.0009373574241136363
-0.0009373574241136269
-0.000937357424113646
-0.0009373574241136589
-0.0009373574241136704
-0.0009373574241136452
-0.0009373574241136447
-0.0009373574241136551
-0.0009373574241136384
-0.0009373574241136793
-0.0009373574241136691
-0.0009373574241136829
-0.0009373574241136871
-0.0009373574241136833
-0.0009373574241136893
-0.0009373574241136471
-0.0009373574241135753
-0.0009373574241136437
-0.0009373574241136764
-0.0009373574241136718
-0.0009373574241136559
-0.0009373574241136852
-0.0009373574241136882
-0.0009373574241136667
-0.0009373574241136133
-0.0009373574241136407
-0.0009373574241136732
-0.0009373574241136858
-0.000937357424113721
-0.0009373574241137067
-0.0009373574241136599
-0.0009373574241136859
-0.0009373574241136641
-0.0009373574241136758
-0.0009373574241136965
-0.0009373574241136814
-0.0009373574241136252
-0.0009373574241136695
-0.0009373574241136711
-0.0009373574241136636
-0.0009373574241136678
-0.000937357424113651
-0.0009373574241137006
-0.000937357424113656
-0.0009373574241136503
-0.0009373574241136773
-0.0009373574241136395
-0.0009373574241136769
-0.0009373574241136273
-0.0009373574241136636
-0.0009373574241136785
-0.0009373574241136718
-0.0009373574241136865
-0.0009373574241136911
-0.0009373574241136988
-0.0009373574241136865
-0.0009373574241136263
-0.0009373574241136818
-0.0009373574241136547
-0.0009373574241136821
-0.000937357424113697
-0.0009373574241136796
-0.0009373574241136585
-0.0009373574241136756
-0.0009373574241136085
-0.0009373574241136592
-0.0009373574241136867
-0.0009373574241136788
-0.0009373574241136976
-0.0009373574241136929
-0.0009373574241136136
-0.0009373574241136666
-0.0009373574241136899
-0.0009373574241136764
-0.0009373574241136836
-0.0009373574241136663
-0.0009373574241136651
-0.0009373574241136632
-0.0009373574241136321
-0.0009373574241136649
-0.0009373574241136345
-0.0009373574241136543
-0.0009373574241136458
-0.0009373574241136562
-0.000937357424113684
-0.0009373574241136625
-0.0009373574241136481
-0.0009373574241136393
-0.000937357424113627
-0.0009373574241136376
-0.0009373574241136359
-0.0009373574241136643
-0.0009373574241136392
-0.0009373574241136523
-0.0009373574241136617
-0.000937357424113663
-0.0009373574241136604
-0.0009373574241136465
-0.0009373574241136741
-0.0009373574241136603
-0.0009373574241136939
-0.0009373574241136787
-0.0009373574241136584
-0.0009373574241136804
-0.0009373574241136212
-0.0009373574241136421
-0.00093735742411368
-0.0009373574241136871
-0.0009373574241136847
-0.000937357424113677
-0.0009373574241136871
-0.0009373574241136649
-0.0009373574241136379
-0.0009373574241137147
-0.0009373574241136785
-0.0009373574241136829
-0.0009373574241136829
-0.0009373574241137074
-0.0009373574241136806
-0.0009373574241136867
-0.0009373574241136256
-0.0009373574241136764
-0.0009373574241136859
-0.0009373574241136526
-0.0009373574241136515
-0.0009373574241136718
-0.0009373574241136678
-0.0009373574241136693
-0.0009373574241136191
-0.0009373574241136541
-0.0009373574241136698
-0.0009373574241136623
-0.0009373574241136425
-0.0009373574241136755
-0.0009373574241136919
-0.0009373574241136534
-0.0009373574241136654
-0.0009373574241136314
-0.0009373574241136833
-0.0009373574241136745
-0.0009373574241136418
-0.0009373574241136902
-0.0009373574241136769
-0.0009373574241136638
-0.0009373574241136223
-0.0009373574241136737
-0.0009373574241136614
-0.0009373574241136796
-0.0009373574241136706
-0.0009373574241136736
-0.0009373574241136615
-0.0009373574241136717
-0.0009373574241136756
-0.0009373574241136565
-0.0009373574241136678
-0.000937357424113663
-0.0009373574241136648
-0.0009373574241136307
-0.0009373574241136413
-0.0009373574241136818
-0.0009373574241135999
-0.0009373574241136488
-0.0009373574241136703
-0.0009373574241136715
-0.0009373574241136619
-0.0009373574241136675
-0.0009373574241136282
-0.0009373574241136593
-0.0009373574241136458
-0.0009373574241136396
-0.0009373574241136907
-0.0009373574241136851
-0.0009373574241136456
-0.0009373574241136628
-0.0009373574241136356
-0.0009373574241136523
-0.0009373574241136396
-0.0009373574241136682
-0.0009373574241136618
-0.0009373574241136392
-0.0009373574241136337
-0.0009373574241136577
-0.0009373574241136655
-0.0009373574241136547
-0.0009373574241136459
-0.0009373574241136436
-0.0009373574241136662
-0.0009373574241136954
-0.0009373574241136663
-0.0009373574241137133
-0.0009373574241136693
-0.0009373574241136369
-0.0009373574241136277
-0.0009373574241136669
-0.0009373574241136769
-0.0009373574241136569
-0.0009373574241136473
-0.0009373574241136436
-0.0009373574241136688
-0.000937357424113641
-0.0009373574241136188
-0.0009373574241136456
-0.0009373574241136693
-0.0009373574241136575
-0.0009373574241136123
-0.0009373574241136358
-0.0009373574241136395
-0.0009373574241136063
-0.000937357424113612
-0.0009373574241136414
-0.0009373574241136541
-0.0009373574241136522
-0.0009373574241136547
-0.0009373574241136644
-0.0009373574241136414
-0.0009373574241136513
-0.0009373574241135508
-0.0009373574241136436
-0.0009373574241136798
-0.0009373574241136726
-0.0009373574241136316
-0.000937357424113644
-0.0009373574241136681
-0.0009373574241136303
-0.0009373574241136445
-0.000937357424113639
-0.0009373574241136381
-0.0009373574241136528
-0.0009373574241136547
-0.0009373574241136667
-0.0009373574241136648
-0.0009373574241136626
-0.0009373574241136873
-0.0009373574241136536
-0.0009373574241136345
-0.0009373574241136722
-0.0009373574241136332
-0.000937357424113663
-0.0009373574241136371
-0.0009373574241136247
-0.0009373574241136012
-0.0009373574241136648
-0.0009373574241136434
-0.0009373574241136921
-0.0009373574241136741
-0.0009373574241136914
-0.0009373574241136499
-0.0009373574241136832
-0.0009373574241136314
-0.0009373574241136525
-0.0009373574241136602
-0.0009373574241136404
-0.0009373574241136552
-0.0009373574241136255
-0.0009373574241136621
-0.0009373574241136425
-0.0009373574241136243
-0.0009373574241136395
-0.00093735742411368
-0.0009373574241136825
-0.0009373574241136612
-0.000937357424113661
-0.0009373574241136415
-0.000937357424113684
-0.0009373574241136212
-0.0009373574241136554
-0.0009373574241136737
-0.0009373574241136732
-0.0009373574241136755
-0.0009373574241136748
-0.0009373574241136915
-0.0009373574241136715
-0.0009373574241136031
-0.0009373574241137018
-0.0009373574241136813
-0.0009373574241136885
-0.0009373574241136282
-0.0009373574241136632
-0.0009373574241137248
-0.0009373574241136917
-0.0009373574241136617
-0.0009373574241136743
-0.0009373574241136381
-0.0009373574241136465
-0.0009373574241136766
-0.0009373574241136588
-0.0009373574241136463
-0.0009373574241136626
-0.000937357424113664
-0.000937357424113673
-0.0009373574241136459
-0.0009373574241136701
-0.0009373574241136526
-0.0009373574241136682
-0.000937357424113651
-0.000937357424113675
-0.00093735742411368
-0.0009373574241136207
-0.0009373574241136826
-0.0009373574241137036
-0.0009373574241137099
-0.0009373574241136711
-0.0009373574241136727
-0.0009373574241136832
-0.000937357424113624
-0.0009373574241136777
-0.0009373574241136851
-0.0009373574241136852
-0.0009373574241136589
-0.0009373574241136806
-0.0009373574241136629
-0.0009373574241136536
-0.0009373574241136655
-0.0009373574241136525
-0.0009373574241136352
-0.0009373574241136926
-0.000937357424113657
-0.0009373574241136914
-0.0009373574241136902
-0.0009373574241136652
-0.0009373574241136743
-0.0009373574241136761
-0.0009373574241136569
-0.0009373574241136643
-0.0009373574241136626
-0.0009373574241136845
-0.0009373574241136869
-0.0009373574241136745
-0.0009373574241136825
-0.0009373574241136726
-0.0009373574241136851
-0.0009373574241136736
-0.0009373574241136889
-0.0009373574241136745
-0.0009373574241136674
-0.0009373574241136693
-0.0009373574241136103
-0.0009373574241136685
-0.0009373574241136612
-0.0009373574241136793
-0.0009373574241136748
-0.0009373574241136795
-0.0009373574241136588
-0.0009373574241136915
-0.0009373574241136478
-0.0009373574241136402
-0.000937357424113658
-0.000937357424113684
-0.0009373574241136888
-0.0009373574241136924
-0.0009373574241136619
-0.0009373574241136514
-0.0009373574241136569
-0.0009373574241136714
-0.0009373574241136807
-0.000937357424113664
-0.000937357424113681
-0.0009373574241136947
-0.0009373574241136588
-0.000937357424113702
-0.0009373574241136726
-0.0009373574241136754
-0.0009373574241136971
-0.0009373574241137032
-0.0009373574241136718
-0.0009373574241136788
-0.0009373574241136772
-0.0009373574241136666
-0.0009373574241136101
-0.0009373574241136733
-0.0009373574241136747
-0.0009373574241136762
-0.0009373574241136933
-0.0009373574241136824
-0.0009373574241136638
-0.0009373574241136793
-0.0009373574241138198
-0.0009373574241136755
-0.0009373574241137028
-0.0009373574241136727
-0.0009373574241136914
-0.0009373574241136803
-0.0009373574241136819
-0.0009373574241136621
-0.000937357424113612
-0.0009373574241136396
-0.0009373574241136781
-0.0009373574241136656
-0.0009373574241137104
-0.0009373574241136761
-0.0009373574241136784
-0.0009373574241136917
-0.0009373574241136971
-0.0009373574241136629
-0.0009373574241136829
-0.0009373574241137081
-0.0009373574241136189
-0.0009373574241136803
-0.0009373574241136824
-0.0009373574241137003
-0.0009373574241136396
-0.0009373574241136878
-0.0009373574241136434
-0.0009373574241136766
-0.0009373574241136761
-0.0009373574241136522
-0.0009373574241136811
-0.0009373574241136884
-0.0009373574241136825
-0.0009373574241136541
-0.0009373574241137073
-0.0009373574241136796
-0.0009373574241137073
-0.0009373574241136652
-0.0009373574241136798
-0.0009373574241136845
-0.0009373574241136379
-0.0009373574241136773
-0.0009373574241136803
-0.0009373574241137069
-0.0009373574241136785
-0.0009373574241137078
-0.0009373574241137051
-0.0009373574241136976
-0.0009373574241136777
-0.0009373574241136735
-0.0009373574241137058
-0.0009373574241136889
-0.0009373574241137235
-0.0009373574241137139
-0.0009373574241137039
-0.0009373574241136976
-0.0009373574241136465
-0.0009373574241136863
-0.0009373574241136943
-0.0009373574241136804
-0.0009373574241136884
-0.0009373574241136843
-0.0009373574241136745
-0.00093735742411367
-0.0009373574241136459
-0.0009373574241136755
-0.0009373574241136589
-0.0009373574241136677
-0.0009373574241136448
-0.0009373574241136777
-0.0009373574241137046
-0.0009373574241136719
-0.000937357424113683
-0.0009373574241136726
-0.0009373574241136817
-0.0009373574241136869
-0.0009373574241136602
-0.000937357424113701
-0.0009373574241136672
-0.0009373574241136756
-0.0009373574241136507
-0.0009373574241136445
-0.0009373574241136637
-0.0009373574241136724
-0.0009373574241136644
-0.0009373574241136554
-0.0009373574241136555
-0.0009373574241136326
-0.000937357424113612
-0.0009373574241136548
-0.0009373574241136591
-0.0009373574241136652
-0.0009373574241136442
-0.0009373574241136413
-0.0009373574241136748
-0.0009373574241136767
-0.000937357424113641
-0.0009373574241136522
-0.0009373574241136845
-0.0009373574241136798
-0.0009373574241136754
-0.0009373574241136573
-0.0009373574241136772
-0.000937357424113675
-0.0009373574241136724
-0.0009373574241136832
-0.0009373574241137002
-0.0009373574241137204
-0.0009373574241136896
-0.0009373574241137006
-0.0009373574241136669
-0.000937357424113668
-0.0009373574241136896
-0.0009373574241136701
-0.0009373574241137069
-0.000937357424113701
-0.000937357424113678
-0.0009373574241136744
-0.0009373574241136707
-0.0009373574241136617
-0.0009373574241136188
-0.0009373574241137036
-0.0009373574241136603
-0.0009373574241136727
-0.0009373574241136932
-0.000937357424113684
-0.0009373574241136659
-0.0009373574241136921
-0.0009373574241141222
-0.0009373574241136549
-0.0009373574241136843
-0.0009373574241136821
-0.0009373574241136497
-0.0009373574241136526
-0.0009373574241136887
-0.0009373574241136665
-0.0009373574241136277
-0.0009373574241136908
-0.0009373574241136934
-0.0009373574241136965
-0.0009373574241136569
-0.000937357424113684
-0.0009373574241136747
-0.0009373574241137039
-0.0009373574241136334
-0.0009373574241136845
-0.0009373574241136825
-0.0009373574241136784
-0.0009373574241136859
-0.0009373574241136701
-0.0009373574241136612
-0.0009373574241136548
-0.0009373574241136743
-0.0009373574241136522
-0.0009373574241136733
-0.0009373574241136737
-0.0009373574241136767
-0.0009373574241136925
-0.0009373574241136989
-0.0009373574241137156
-0.000937357424113627
-0.0009373574241136456
-0.0009373574241136658
-0.0009373574241136618
-0.0009373574241136562
-0.0009373574241136625
-0.0009373574241136941
-0.0009373574241136565
-0.0009373574241136485
-0.0009373574241136526
-0.0009373574241137324
-0.0009373574241136952
-0.0009373574241137074
-0.0009373574241137236
-0.0009373574241136569
-0.000937357424113681
-0.0009373574241136774
-0.0009373574241136777
-0.0009373574241137063
-0.0009373574241136893
-0.0009373574241137129
-0.0009373574241136691
-0.0009373574241136711
-0.0009373574241136452
-0.0009373574241136256
-0.0009373574241137183
-0.0009373574241136887
-0.0009373574241136755
-0.0009373574241136706
-0.0009373574241136807
-0.0009373574241136826
-0.0009373574241136895
-0.0009373574241136655
-0.0009373574241136641
-0.0009373574241137158
-0.0009373574241136948
-0.0009373574241136958
-0.0009373574241136832
-0.000937357424113704
-0.0009373574241137002
-0.0009373574241137004
-0.0009373574241136727
-0.0009373574241136829
-0.0009373574241136667
-0.000937357424113684
-0.0009373574241136781
-0.0009373574241136772
-0.0009373574241136793
-0.0009373574241136456
-0.0009373574241136644
-0.0009373574241136529
-0.0009373574241136604
-0.0009373574241136466
-0.0009373574241136654
-0.0009373574241136447
-0.000937357424113637
-0.0009373574241136189
-0.0009373574241136497
-0.0009373574241136732
-0.0009373574241136919
-0.0009373574241136852
-0.000937357424113654
-0.0009373574241136736
-0.0009373574241136939
-0.0009373574241135994
-0.0009373574241136486
-0.0009373574241136867
-0.0009373574241136821
-0.0009373574241136895
-0.000937357424113675
-0.0009373574241137037
-0.0009373574241136755
-0.0009373574241136413
-0.0009373574241136888
-0.0009373574241136798
-0.0009373574241136999
-0.0009373574241136902
-0.0009373574241136994
-0.0009373574241136915
-0.0009373574241136808
-0.0009373574241136504
-0.0009373574241136522
-0.0009373574241137074
-0.0009373574241136906
-0.0009373574241136736
-0.0009373574241136761
-0.0009373574241136591
-0.000937357424113667
-0.0009373574241136604
-0.0009373574241136924
-0.0009373574241137015
-0.0009373574241137159
-0.0009373574241136988
-0.0009373574241137025
-0.0009373574241136759
-0.0009373574241137107
-0.0009373574241135979
-0.0009373574241137081
-0.0009373574241137011
-0.0009373574241136943
-0.0009373574241136896
-0.0009373574241136937
-0.0009373574241137074
-0.0009373574241136711
-0.0009373574241136798
-0.0009373574241136997
-0.0009373574241136822
-0.0009373574241136792
-0.0009373574241136877
-0.0009373574241136726
-0.0009373574241136733
-0.000937357424113694
-0.0009373574241136654
-0.0009373574241136665
-0.0009373574241136881
-0.0009373574241136963
-0.0009373574241136896
-0.00093735742411368
-0.0009373574241136781
-0.0009373574241136604
-0.0009373574241136101
-0.0009373574241136745
-0.0009373574241136756
-0.0009373574241136919
-0.0009373574241136644
-0.0009373574241136669
-0.0009373574241136447
-0.000937357424113673
-0.0009373574241135784
-0.0009373574241136674
-0.0009373574241136759
-0.0009373574241136759
-0.0009373574241137004
-0.0009373574241136845
-0.0009373574241137051
-0.000937357424113664
-0.0009373574241136675
-0.0009373574241136813
-0.0009373574241136906
-0.0009373574241137013
-0.0009373574241136632
-0.0009373574241136911
-0.0009373574241136643
-0.0009373574241136848
-0.0009373574241136212
-0.0009373574241136376
-0.0009373574241137206
-0.0009373574241136984
-0.0009373574241136614
-0.0009373574241136735
-0.0009373574241136847
-0.0009373574241136896
-0.0009373574241136447
-0.000937357424113696
-0.0009373574241136839
-0.0009373574241136999
-0.0009373574241137062
-0.0009373574241137031
-0.0009373574241136615
-0.0009373574241137069
-0.0009373574241135674
-0.0009373574241136492
-0.0009373574241136962
-0.0009373574241137306
-0.0009373574241136994
-0.0009373574241136865
-0.0009373574241137011
-0.0009373574241136839
-0.0009373574241136848
-0.0009373574241136822
-0.0009373574241136955
-0.0009373574241137051
-0.0009373574241136632
-0.0009373574241136703
-0.0009373574241136821
-0.000937357424113696
-0.0009373574241135793
-0.0009373574241136379
-0.0009373574241136698
-0.0009373574241137148
-0.000937357424113697
-0.0009373574241137096
-0.000937357424113711
-0.0009373574241136863
-0.0009373574241136101
-0.0009373574241136871
-0.0009373574241136798
-0.0009373574241136748
-0.000937357424113678
-0.0009373574241136798
-0.0009373574241136792
-0.0009373574241136971
-0.0009373574241136618
-0.0009373574241136732
-0.0009373574241137306
-0.0009373574241137014
-0.0009373574241136698
-0.000937357424113707
-0.0009373574241137207
-0.0009373574241136811
-0.0009373574241135979
-0.0009373574241136682
-0.0009373574241136715
-0.0009373574241136529
-0.0009373574241136436
-0.0009373574241136478
-0.0009373574241136358
-0.0009373574241136611
-0.0009373574241136824
-0.0009373574241136324
-0.0009373574241136497
-0.0009373574241136393
-0.0009373574241137031
-0.0009373574241136529
-0.0009373574241136489
-0.0009373574241136659
-0.0009373574241136169
-0.0009373574241136767
-0.0009373574241136871
-0.0009373574241137013
-0.000937357424113695
-0.0009373574241137031
-0.0009373574241136418
-0.0009373574241136618
-0.0009373574241137884
-0.0009373574241136745
-0.000937357424113677
-0.0009373574241136402
-0.0009373574241136491
-0.0009373574241136292
-0.0009373574241136617
-0.000937357424113634
-0.0009373574241136226
-0.0009373574241136362
0.0
0.0
0.0
0.0
0.0
0.0
0.0
0.0
0.0
0.0
0.0
0.0
0.0
0.0
0.0
0.0
0.0
0.0
0.0
0.0
0.0
0.0
0.0
0.0
0.0
0.0
0.0
0.0
0.0
0.0
0.0
0.0
0.0
0.0
0.0
0.0
0.0
0.0
0.0
0.0
0.0
0.0
0.0
0.0
0.0
0.0
0.0
0.0
0.0
0.0
0.0
0.0
0.0
0.0
0.0
0.0
0.0
0.0
0.0
0.0
0.0
0.0
0.0
0.0
0.0
0.0
0.0
0.0
0.0
0.0
0.0
0.0
0.0
0.0
0.0
0.0
0.0
0.0
0.0
0.0
0.0
0.0
0.0
0.0
0.0
0.0
0.0
0.0
0.0
0.0
0.0
0.0
0.0
0.0
0.0
0.0
0.0
0.0
0.0
0.0
0.0
0.0
0.0
0.0
0.0
0.0
0.0
0.0
0.0
0.0
0.0
0.0
0.0
0.0
0.0
0.0
0.0
0.0
0.0
0.0
0.0
0.0
0.0
0.0
0.0
0.0
0.0
0.0
0.0
0.0
0.0
0.0
0.0
0.0
0.0
0.0
0.0
0.0
0.0
0.0
0.0
0.0
0.0
0.0
0.0
0.0
0.0
0.0
0.0
0.0
0.0
0.0
0.0
0.0
0.0
0.0
0.0
0.0
0.0
0.0
0.0
0.0
0.0
0.0
0.0
0.0
0.0
0.0
0.0
0.0
0.0
0.0
0.0
0.0
0.0
0.0
0.0
0.0
0.0
0.0
0.0
0.0
0.0
0.0
0.0
0.0
0.0
0.0
0.0
0.0
0.0
0.0
0.0
0.0
0.0
0.0
0.0
0.0
0.0
0.0
0.0
0.0
0.0
0.0
0.0
0.0
0.0
0.0
0.0
0.0
0.0
0.0
0.0
0.0
0.0
0.0
0.0
0.0
0.0
0.0
0.0
0.0
0.0
0.0
0.0
0.0
0.0
0.0
0.0
0.0
0.0
0.0
0.0
0.0
0.0
0.0
0.0
0.0
0.0
0.0
0.0
0.0
0.0
0.0
0.0
0.0
0.0
0.0
0.0
0.0
0.0
0.0
0.0
0.0
0.0
0.0
0.0
0.0
0.0
0.0
0.0
0.0
0.0
0.0
0.0
0.0
0.0
0.0
0.0
0.0
0.0
0.0
0.0
0.0
0.0
0.0
0.0
0.0
0.0
0.0
0.0
0.0
0.0
0.0
0.0
0.0
0.0
0.0
0.0
0.0
0.0
0.0
0.0
0.0
0.0
0.0
0.0
0.0
0.0
0.0
0.0
0.0
0.0
0.0
0.0
0.0
0.0
0.0
0.0
0.0
0.0
0.0
0.0
0.0
0.0
0.0
0.0
0.0
0.0
0.0
0.0
0.0
0.0
0.0
0.0
0.0
0.0
0.0
0.0
0.0
0.0
0.0
0.0
0.0
0.0
0.0
0.0
0.0
0.0
0.0
0.0
0.0
0.0
0.0
0.0
0.0
0.0
0.0
0.0
0.0
0.0
0.0
0.0
0.0
0.0
0.0
0.0
0.0
0.0
0.0
0.0
0.0
0.0
0.0
0.0
0.0
0.0
0.0
0.0
0.0
0.0
0.0
0.0
0.0
0.0
0.0
0.0
0.0
0.0
0.0
0.0
0.0
0.0
0.0
0.0
0.0
0.0
0.0
0.0
0.0
0.0
0.0
0.0
0.0
0.0
0.0
0.0
0.0
0.0
0.0
0.0
0.0
0.0
0.0
0.0
0.0
0.0
0.0
0.0
0.0
0.0
0.0
0.0
0.0
0.0
0.0
0.0
0.0
0.0
0.0
0.0
0.0
0.0
0.0
0.0
0.0
0.0
0.0
0.0
0.0
0.0
0.0
0.0
0.0
0.0
0.0
0.0
0.0
0.0
0.0
0.0
0.0
0.0
0.0
0.0
0.0
0.0
0.0
0.0
0.0
0.0
0.0
0.0
0.0
0.0
0.0
0.0
0.0
0.0
0.0
0.0
0.0
0.0
0.0
0.0
0.0
0.0
0.0
0.0
0.0
0.0
0.0
0.0
0.0
0.0
0.0
0.0
0.0
0.0
0.0
0.0
0.0
0.0
0.0
0.0
0.0
0.0
0.0
0.0
0.0
0.0
0.0
0.0
0.0
0.0
0.0
0.0
0.0
0.0
0.0
0.0
0.0
0.0
0.0
0.0
0.0
0.0
0.0
0.0
0.0
0.0
0.0
0.0
0.0
0.0
0.0
0.0
0.0
0.0
0.0
0.0
0.0
0.0
0.0
0.0
0.0
0.0
0.0
0.0
0.0
0.0
0.0
0.0
0.0
0.0
0.0
0.0
0.0
0.0
0.0
0.0
0.0
0.0
0.0
0.0
0.0
0.0
0.0
0.0
0.0
0.0
0.0
0.0
0.0
0.0
0.0
0.0
0.0
0.0
0.0
0.0
0.0
0.0
0.0
0.0
0.0
0.0
0.0
0.0
0.0
0.0
0.0
0.0
0.0
0.0
0.0
0.0
0.0
0.0
0.0
0.0
0.0
0.0
0.0
0.0
0.0
0.0
0.0
0.0
0.0
0.0
0.0
0.0
0.0
0.0
0.0
0.0
0.0
0.0
0.0
0.0
0.0
0.0
0.0
0.0
0.0
0.0
0.0
0.0
0.0
0.0
0.0
0.0
0.0
0.0
0.0
0.0
0.0
0.0
0.0
0.0
0.0
0.0
0.0
0.0
0.0
0.0
0.0
0.0
0.0
0.0
0.0
0.0
0.0
0.0
0.0
0.0
0.0
0.0
0.0
0.0
0.0
0.0
0.0
0.0
0.0
0.0
0.0
0.0
0.0
0.0
0.0
0.0
0.0
0.0
0.0
0.0
0.0
0.0
0.0
0.0
0.0
0.0
0.0
0.0
0.0
0.0
0.0
0.0
0.0
0.0
0.0
0.0
0.0
0.0
0.0
0.0
0.0
0.0
0.0
0.0
0.0
0.0
0.0
0.0
0.0
0.0
0.0
0.0
0.0
0.0
0.0
0.0
0.0
0.0
0.0
0.0
0.0
0.0
0.0
0.0
0.0
0.0
0.0
0.0
0.0
0.0
0.0
0.0
0.0
0.0
0.0
0.0
0.0
0.0
0.0
0.0
0.0
0.0
0.0
0.0
0.0
0.0
0.0
0.0
0.0
0.0
0.0
0.0
0.0
0.0
0.0
0.0
0.0
0.0
0.0
0.0
0.0
0.0
0.0
0.0
0.0
0.0
0.0
0.0
0.0
0.0
0.0
0.0
0.0
0.0
0.0
0.0
0.0
0.0
0.0
0.0
0.0
0.0
0.0
0.0
0.0
0.0
0.0
0.0
0.0
0.0
0.0
0.0
0.0
0.0
0.0
0.0
0.0
0.0
0.0
0.0
0.0
0.0
0.0
0.0
0.0
0.0
0.0
0.0
0.0
0.0
0.0
0.0
0.0
0.0
0.0
0.0
0.0
0.0
0.0
0.0
0.0
0.0
0.0
0.0
0.0
0.0
0.0
0.0
0.0
0.0
0.0
0.0
0.0
0.0
0.0
0.0
0.0
0.0
0.0
0.0
0.0
0.0
0.0
0.0
0.0
0.0
0.0
0.0
0.0
0.0
0.0
0.0
0.0
0.0
0.0
0.0
0.0
0.0
0.0
0.0
0.0
0.0
0.0
0.0
0.0
0.0
0.0
0.0
0.0
0.0
0.0
0.0
0.0
0.0
0.0
0.0
0.0
0.0
0.0
0.0
0.0
0.0
0.0
0.0
0.0
0.0
0.0
0.0
0.0
0.0
0.0
0.0
0.0
0.0
0.0
0.0
0.0
0.0
0.0
0.0
0.0
0.0
0.0
0.0
0.0
0.0
0.0
0.0
0.0
0.0
0.0
0.0
0.0
0.0
0.0
0.0
0.0
0.0
0.0
0.0
0.0
0.0
0.0
0.0
0.0
0.0
0.0
0.0
0.0
0.0
0.0
0.0
0.0
0.0
0.0
0.0
0.0
0.0
0.0
0.0
0.0
0.0
0.0
0.0
0.0
0.0
0.0
0.0
0.0
0.0
0.0
0.0
0.0
0.0
0.0
0.0
0.0
0.0
0.0
0.0
0.0
0.0
0.0
0.0
0.0
0.0
0.0
0.0
0.0
0.0
0.0
0.0
0.0
0.0
0.0
0.0
0.0
0.0
0.0
0.0
0.0
0.0
0.0
0.0
0.0
0.0
0.0
0.0
0.0
0.0
0.0
0.0
0.0
0.0
0.0
0.0
0.0
0.0
0.0
0.0
0.0
0.0
0.0
0.0
0.0
0.0
0.0
0.0
0.0
0.0
0.0
0.0
0.0
0.0
0.0
0.0
0.0
0.0
0.0
0.0
0.0
0.0
0.0
0.0
0.0
0.0
0.0
0.0
0.0
0.0
0.0
0.0
0.0
0.0
0.0
0.0
0.0
0.0
0.0
0.0
0.0
0.0
0.0
0.0
0.0
0.0
0.0
0.0
0.0
0.0
0.0
0.0
0.0
0.0
0.0
0.0
0.0
0.0
0.0
0.0
0.0
0.0
0.0
0.0
0.0
0.0
0.0
0.0
0.0
0.0
0.0
0.0
0.0
0.0
0.0
0.0
0.0
0.0
0.0
0.0
0.0
0.0
0.0
0.0
0.0
0.0
0.0
0.0
0.0
0.0
0.0
0.0
0.0
0.0
0.0
0.0
0.0
0.0
0.0
0.0
0.0
0.0
0.0
0.0
0.0
0.0
0.0
0.0
0.0
0.0
0.0
0.0
0.0
0.0
0.0
0.0
0.0
0.0
0.0
0.0
0.0
0.0
0.0
0.0
0.0
0.0
0.0
0.0
0.0
0.0
0.0
0.0
0.0
0.0
0.0
0.0
0.0
0.0
0.0
0.0
0.0
0.0
0.0
0.0
0.0
0.0
0.0
0.0
0.0
0.0
0.0
0.0
0.0
0.0
0.0
0.0
0.0
0.0
0.0
0.0
0.0
0.0
0.0
0.0
0.0
0.0
0.0
0.0
0.0
0.0
0.0
0.0
0.0
0.0
0.0
0.0
0.0
0.0
0.0
0.0
0.0
0.0
0.0
0.0
0.0
0.0
0.0
0.0
0.0
0.0
0.0
0.0
0.0
0.0
0.0
0.0
0.0
0.0
0.0
0.0
0.0
0.0
0.0
0.0
0.0
0.0
0.0
0.0
0.0
0.0
0.0
0.0
0.0
0.0
0.0
0.0
0.0
0.0
0.0
0.0
0.0
0.0
0.0
0.0
0.0
0.0
0.0
0.0
0.0
0.0
0.0
0.0
0.0
0.0
0.0
0.0
0.0
0.0
0.0
0.0
0.0
0.0
0.0
0.0
0.0
0.0
0.0
0.0
0.0
0.0
0.0
0.0
0.0
0.0
0.0
0.0
0.0
0.0
0.0
0.0
0.0
0.0
0.0
0.0
0.0
0.0
0.0
0.0
0.0
0.0
0.0
0.0
0.0
0.0
0.0
0.0
0.0
0.0
0.0
0.0
0.0
0.0
0.0
0.0
0.0
0.0
0.0
0.0
0.0
0.0
0.0
0.0
0.0
0.0
0.0
0.0
0.0
0.0
0.0
0.0
0.0
0.0
0.0
0.0
0.0
0.0
0.0
0.0
0.0
0.0
0.0
0.0
0.0
0.0
0.0
0.0
0.0
0.0
0.0
0.0
0.0
0.0
0.0
0.0
0.0
0.0
0.0
0.0
0.0
0.0
0.0
0.0
0.0
0.0
0.0
0.0
0.0
0.0
0.0
0.0
0.0
0.0
0.0
0.0
0.0
0.0
0.0
0.0
0.0
0.0
0.0
0.0
0.0
0.0
0.0
0.0
0.0
0.0
0.0
0.0
0.0
0.0
0.0
0.0
0.0
0.0
0.0
0.0
0.0
0.0
0.0
0.0
0.0
0.0
0.0
0.0
0.0
0.0
0.0
0.0
0.0
0.0
0.0
0.0
0.0
0.0
0.0
0.0
0.0
0.0
0.0
0.0
0.0
0.0
0.0
0.0
0.0
0.0
0.0
0.0
0.0
0.0
0.0
0.0
0.0
0.0
0.0
0.0
0.0
0.0
0.0
0.0
0.0
0.0
0.0
0.0
0.0
0.0
0.0
0.0
0.0
0.0
0.0
0.0
0.0
0.0
0.0
0.0
0.0
0.0
0.0
0.0
0.0
0.0
0.0
0.0
0.0
0.0
0.0
0.0
0.0
0.0
0.0
0.0
0.0
0.0
0.0
0.0
0.0
0.0
0.0
0.0
0.0
0.0
0.0
0.0
0.0
0.0
0.0
0.0
0.0
0.0
0.0
0.0
0.0
0.0
0.0
0.0
0.0
0.0
0.0
0.0
0.0
0.0
0.0
0.0
0.0
0.0
0.0
0.0
0.0
0.0
0.0
0.0
0.0
0.0
0.0
0.0
0.0
0.0
0.0
0.0
0.0
0.0
0.0
0.0
0.0
0.0
0.0
0.0
0.0
0.0
0.0
0.0
0.0
0.0
0.0
0.0
0.0
0.0
0.0
0.0
0.0
0.0
0.0
0.0
0.0
0.0
0.0
0.0
0.0
0.0
0.0
0.0
0.0
0.0
0.0
0.0
0.0
0.0
0.0
0.0
0.0
0.0
0.0
0.0
0.0
0.0
0.0
0.0
0.0
0.0
0.0
0.0
0.0
0.0
0.0
0.0
0.0
0.0
0.0
0.0
0.0
0.0
0.0
0.0
0.0
0.0
0.0
0.0
0.0
0.0
0.0
0.0
0.0
0.0
0.0
0.0
0.0
0.0
0.0
0.0
0.0
0.0
0.0
0.0
0.0
0.0
0.0
0.0
0.0
0.0
0.0
0.0
0.0
0.0
0.0
0.0
0.0
0.0
0.0
0.0
0.0
0.0
0.0
0.0
0.0
0.0
0.0
0.0
0.0
0.0
0.0
0.0
0.0
0.0
0.0
0.0
0.0
0.0
0.0
0.0
0.0
0.0
0.0
0.0
0.0
0.0
0.0
0.0
0.0
0.0
0.0
0.0
0.0
0.0
0.0
0.0
0.0
0.0
0.0
0.0
0.0
0.0
0.0
0.0
0.0
0.0
0.0
0.0
0.0
0.0
0.0
0.0
0.0
0.0
0.0
0.0
0.0
0.0
0.0
0.0
0.0
0.0
0.0
0.0
0.0
0.0
0.0
0.0
0.0
0.0
0.0
0.0
0.0
0.0
0.0
0.0
0.0
0.0
0.0
0.0
0.0
0.0
0.0
0.0
0.0
0.0
0.0
0.0
0.0
0.0
0.0
0.0
0.0
0.0
0.0
0.0
0.0
0.0
0.0
0.0
0.0
0.0
0.0
0.0
0.0
0.0
0.0
0.0
0.0
0.0
0.0
0.0
0.0
0.0
0.0
0.0
0.0
0.0
0.0
0.0
0.0
0.0
0.0
0.0
0.0
0.0
0.0
0.0
0.0
0.0
0.0
0.0
0.0
0.0
0.0
0.0
0.0
0.0
0.0
0.0
0.0
0.0
0.0
0.0
0.0
0.0
0.0
0.0
0.0
0.0
0.0
0.0
0.0
0.0
0.0
0.0
0.0
0.0
0.0
0.0
0.0
0.0
0.0
0.0
0.0
0.0
0.0
0.0
0.0
0.0
0.0
0.0
0.0
0.0
0.0
0.0
0.0
0.0
0.0
0.0
0.0
0.0
0.0
0.0
0.0
0.0
0.0
0.0
0.0
0.0
0.0
0.0
0.0
0.0
0.0
0.0
0.0
0.0
0.0
0.0
0.0
0.0
0.0
0.0
0.0
0.0
0.0
0.0
0.0
0.0
0.0
0.0
0.0
0.0
0.0
0.0
0.0
0.0
0.0
0.0
0.0
0.0
0.0
0.0
0.0
0.0
0.0
0.0
0.0
0.0
0.0
0.0
0.0
0.0
0.0
0.0
0.0
0.0
0.0
0.0
0.0
0.0
0.0
0.0
0.0
0.0
0.0
0.0
0.0
0.0
0.0
0.0
0.0
0.0
0.0
0.0
0.0
0.0
0.0
0.0
0.0
0.0
0.0
0.0
0.0
0.0
0.0
0.0
0.0
0.0
0.0
0.0
0.0
0.0
0.0
0.0
0.0
0.0
0.0
0.0
0.0
0.0
0.0
0.0
0.0
0.0
0.0
0.0
0.0
0.0
0.0
0.0
0.0
0.0
0.0
0.0
0.0
0.0
0.0
0.0
0.0
0.0
0.0
0.0
0.0
0.0
0.0
0.0
0.0
0.0
0.0
0.0
0.0
0.0
0.0
0.0
0.0
0.0
0.0
0.0
0.0
0.0
0.0
0.0
0.0
0.0
0.0
0.0
0.0
0.0
0.0
0.0
0.0
0.0
0.0
0.0
0.0
0.0
0.0
0.0
0.0
0.0
0.0
0.0
0.0
0.0
0.0
0.0
0.0
0.0
0.0
0.0
0.0
0.0
0.0
0.0
0.0
0.0
0.0
0.0
0.0
0.0
0.0
0.0
0.0
0.0
0.0
0.0
0.0
0.0
0.0
0.0
0.0
0.0
0.0
0.0
0.0
0.0
0.0
0.0
0.0
0.0
0.0
0.0
0.0
0.0
0.0
0.0
0.0
0.0
0.0
0.0
0.0
0.0
0.0
0.0
0.0
0.0
0.0
0.0
0.0
0.0
0.0
0.0
0.0
0.0
0.0
0.0
0.0
0.0
0.0
0.0
0.0
0.0
0.0
0.0
0.0
0.0
0.0
0.0
0.0
0.0
0.0
0.0
0.0
0.0
0.0
0.0
0.0
0.0
0.0
0.0
0.0
0.0
0.0
0.0
0.0
0.0
0.0
0.0
0.0
0.0
0.0
0.0
0.0
0.0
0.0
0.0
0.0
0.0
0.0
0.0
0.0
0.0
0.0
0.0
0.0
0.0
0.0
0.0
0.0
0.0
0.0
0.0
0.0
0.0
0.0
0.0
0.0
0.0
0.0
0.0
0.0
0.0
0.0
0.0
0.0
0.0
-0.0
